[1224/214949.130:ERROR:directory_reader_win.cc(43)] FindFirstFile: The system cannot find the path specified. (0x3)
[1224/222434.908:ERROR:directory_reader_win.cc(43)] FindFirstFile: The system cannot find the path specified. (0x3)
[1224/225418.479:ERROR:directory_reader_win.cc(43)] FindFirstFile: The system cannot find the path specified. (0x3)
[1224/233345.450:ERROR:directory_reader_win.cc(43)] FindFirstFile: The system cannot find the path specified. (0x3)
[1225/005409.550:ERROR:directory_reader_win.cc(43)] FindFirstFile: The system cannot find the path specified. (0x3)
[1225/100028.746:ERROR:directory_reader_win.cc(43)] FindFirstFile: The system cannot find the path specified. (0x3)
[1225/165425.200:ERROR:directory_reader_win.cc(43)] FindFirstFile: The system cannot find the path specified. (0x3)
[1225/165433.791:ERROR:directory_reader_win.cc(43)] FindFirstFile: The system cannot find the path specified. (0x3)
[1225/173713.092:ERROR:directory_reader_win.cc(43)] FindFirstFile: The system cannot find the path specified. (0x3)
[1225/173716.183:ERROR:directory_reader_win.cc(43)] FindFirstFile: The system cannot find the path specified. (0x3)
[1225/181119.842:ERROR:directory_reader_win.cc(43)] FindFirstFile: The system cannot find the path specified. (0x3)
[1225/181129.860:ERROR:directory_reader_win.cc(43)] FindFirstFile: The system cannot find the path specified. (0x3)
[1225/184313.748:ERROR:directory_reader_win.cc(43)] FindFirstFile: The system cannot find the path specified. (0x3)
[1225/184322.340:ERROR:directory_reader_win.cc(43)] FindFirstFile: The system cannot find the path specified. (0x3)
[1225/195614.292:ERROR:directory_reader_win.cc(43)] FindFirstFile: The system cannot find the path specified. (0x3)
[1225/211244.426:ERROR:directory_reader_win.cc(43)] FindFirstFile: The system cannot find the path specified. (0x3)
[1225/211247.498:ERROR:directory_reader_win.cc(43)] FindFirstFile: The system cannot find the path specified. (0x3)
[1225/212731.000:ERROR:directory_reader_win.cc(43)] FindFirstFile: The system cannot find the path specified. (0x3)
[1225/212734.077:ERROR:directory_reader_win.cc(43)] FindFirstFile: The system cannot find the path specified. (0x3)
[1225/223328.370:ERROR:directory_reader_win.cc(43)] FindFirstFile: The system cannot find the path specified. (0x3)
[1225/223331.449:ERROR:directory_reader_win.cc(43)] FindFirstFile: The system cannot find the path specified. (0x3)
[1225/234410.016:ERROR:directory_reader_win.cc(43)] FindFirstFile: The system cannot find the path specified. (0x3)
[1225/234413.106:ERROR:directory_reader_win.cc(43)] FindFirstFile: The system cannot find the path specified. (0x3)
[1226/002902.133:ERROR:directory_reader_win.cc(43)] FindFirstFile: The system cannot find the path specified. (0x3)
[1226/002905.222:ERROR:directory_reader_win.cc(43)] FindFirstFile: The system cannot find the path specified. (0x3)
[1226/142202.580:ERROR:directory_reader_win.cc(43)] FindFirstFile: The system cannot find the path specified. (0x3)
[1226/142205.666:ERROR:directory_reader_win.cc(43)] FindFirstFile: The system cannot find the path specified. (0x3)
[1226/163903.381:ERROR:directory_reader_win.cc(43)] FindFirstFile: The system cannot find the path specified. (0x3)
[1226/163906.458:ERROR:directory_reader_win.cc(43)] FindFirstFile: The system cannot find the path specified. (0x3)
[1226/182343.538:ERROR:directory_reader_win.cc(43)] FindFirstFile: The system cannot find the path specified. (0x3)
[1226/182346.637:ERROR:directory_reader_win.cc(43)] FindFirstFile: The system cannot find the path specified. (0x3)
[1226/192601.294:ERROR:directory_reader_win.cc(43)] FindFirstFile: The system cannot find the path specified. (0x3)
[1226/192601.294:ERROR:prune_crash_reports.cc(36)] PruneCrashReportDatabase: Failed to get pending reports
[1226/192620.019:ERROR:directory_reader_win.cc(43)] FindFirstFile: The system cannot find the path specified. (0x3)
[1226/192620.019:ERROR:prune_crash_reports.cc(36)] PruneCrashReportDatabase: Failed to get pending reports
[1226/195719.624:ERROR:directory_reader_win.cc(43)] FindFirstFile: The system cannot find the path specified. (0x3)
[1226/204240.410:ERROR:directory_reader_win.cc(43)] FindFirstFile: The system cannot find the path specified. (0x3)
[1226/215509.002:ERROR:directory_reader_win.cc(43)] FindFirstFile: The system cannot find the path specified. (0x3)
[1226/215512.083:ERROR:directory_reader_win.cc(43)] FindFirstFile: The system cannot find the path specified. (0x3)
[1227/200402.561:ERROR:directory_reader_win.cc(43)] FindFirstFile: The system cannot find the path specified. (0x3)
[1228/065300.230:ERROR:directory_reader_win.cc(43)] FindFirstFile: The system cannot find the path specified. (0x3)
[1228/202600.277:ERROR:process_memory_win.cc(73)] ReadMemory at 0x7ff7d5870000 of 64 bytes failed: Only part of a ReadProcessMemory or WriteProcessMemory request was completed. (0x12B)
[1228/202600.278:WARNING:pe_image_reader.cc(340)] could not read dos header from C:\Program Files (x86)\Google\Chrome\Application\chrome.exe
[1228/202600.278:ERROR:process_memory_win.cc(73)] ReadMemory at 0x7ff95e500000 of 64 bytes failed: Only part of a ReadProcessMemory or WriteProcessMemory request was completed. (0x12B)
[1228/202600.278:WARNING:pe_image_reader.cc(340)] could not read dos header from C:\WINDOWS\SYSTEM32\ntdll.dll
[1228/202600.278:ERROR:process_memory_win.cc(73)] ReadMemory at 0x7ff95e330000 of 64 bytes failed: Only part of a ReadProcessMemory or WriteProcessMemory request was completed. (0x12B)
[1228/202600.278:WARNING:pe_image_reader.cc(340)] could not read dos header from C:\WINDOWS\System32\KERNEL32.dll
[1228/202600.278:ERROR:process_memory_win.cc(73)] ReadMemory at 0x7ff95b650000 of 64 bytes failed: Only part of a ReadProcessMemory or WriteProcessMemory request was completed. (0x12B)
[1228/202600.278:WARNING:pe_image_reader.cc(340)] could not read dos header from C:\WINDOWS\System32\KERNELBASE.dll
[1228/202600.278:ERROR:process_memory_win.cc(73)] ReadMemory at 0x7ff9121d0000 of 64 bytes failed: Only part of a ReadProcessMemory or WriteProcessMemory request was completed. (0x12B)
[1228/202600.278:WARNING:pe_image_reader.cc(340)] could not read dos header from C:\Program Files (x86)\Google\Chrome\Application\87.0.4280.88\chrome_elf.dll
[1228/202600.278:ERROR:process_memory_win.cc(73)] ReadMemory at 0x7ff954e00000 of 64 bytes failed: Only part of a ReadProcessMemory or WriteProcessMemory request was completed. (0x12B)
[1228/202600.278:WARNING:pe_image_reader.cc(340)] could not read dos header from C:\WINDOWS\SYSTEM32\VERSION.dll
[1228/202600.278:ERROR:process_memory_win.cc(73)] ReadMemory at 0x7ff95c7b0000 of 64 bytes failed: Only part of a ReadProcessMemory or WriteProcessMemory request was completed. (0x12B)
[1228/202600.278:WARNING:pe_image_reader.cc(340)] could not read dos header from C:\WINDOWS\System32\msvcrt.dll
[1228/202600.278:ERROR:process_memory_win.cc(73)] ReadMemory at 0x7ff95b4c0000 of 64 bytes failed: Only part of a ReadProcessMemory or WriteProcessMemory request was completed. (0x12B)
[1228/202600.278:WARNING:pe_image_reader.cc(340)] could not read dos header from C:\WINDOWS\System32\bcryptPrimitives.dll
[1228/202600.278:ERROR:process_memory_win.cc(73)] ReadMemory at 0x7ff95d270000 of 64 bytes failed: Only part of a ReadProcessMemory or WriteProcessMemory request was completed. (0x12B)
[1228/202600.278:WARNING:pe_image_reader.cc(340)] could not read dos header from C:\WINDOWS\System32\ADVAPI32.dll
[1228/202600.278:ERROR:process_memory_win.cc(73)] ReadMemory at 0x7ff95e230000 of 64 bytes failed: Only part of a ReadProcessMemory or WriteProcessMemory request was completed. (0x12B)
[1228/202600.278:WARNING:pe_image_reader.cc(340)] could not read dos header from C:\WINDOWS\System32\sechost.dll
[1228/202600.278:ERROR:process_memory_win.cc(73)] ReadMemory at 0x7ff95df90000 of 64 bytes failed: Only part of a ReadProcessMemory or WriteProcessMemory request was completed. (0x12B)
[1228/202600.278:WARNING:pe_image_reader.cc(340)] could not read dos header from C:\WINDOWS\System32\RPCRT4.dll
[1228/202600.278:ERROR:process_memory_win.cc(73)] ReadMemory at 0x7ff8f6480000 of 64 bytes failed: Only part of a ReadProcessMemory or WriteProcessMemory request was completed. (0x12B)
[1228/202600.278:WARNING:pe_image_reader.cc(340)] could not read dos header from C:\Program Files (x86)\Google\Chrome\Application\87.0.4280.88\chrome.dll
[1228/202600.278:ERROR:process_memory_win.cc(73)] ReadMemory at 0x7ff95e160000 of 64 bytes failed: Only part of a ReadProcessMemory or WriteProcessMemory request was completed. (0x12B)
[1228/202600.278:WARNING:pe_image_reader.cc(340)] could not read dos header from C:\WINDOWS\System32\WS2_32.dll
[1228/202600.278:ERROR:process_memory_win.cc(73)] ReadMemory at 0x1a342c80000 of 64 bytes failed: Only part of a ReadProcessMemory or WriteProcessMemory request was completed. (0x12B)
[1228/202600.278:WARNING:pe_image_reader.cc(340)] could not read dos header from C:\WINDOWS\System32\OLEAUT32.dll
[1228/202600.278:ERROR:process_memory_win.cc(73)] ReadMemory at 0x7ff95ba70000 of 64 bytes failed: Only part of a ReadProcessMemory or WriteProcessMemory request was completed. (0x12B)
[1228/202600.278:WARNING:pe_image_reader.cc(340)] could not read dos header from C:\WINDOWS\System32\msvcp_win.dll
[1228/202600.278:ERROR:process_memory_win.cc(73)] ReadMemory at 0x7ff95b550000 of 64 bytes failed: Only part of a ReadProcessMemory or WriteProcessMemory request was completed. (0x12B)
[1228/202600.278:WARNING:pe_image_reader.cc(340)] could not read dos header from C:\WINDOWS\System32\ucrtbase.dll
[1228/202600.278:ERROR:process_memory_win.cc(73)] ReadMemory at 0x7ff95ca30000 of 64 bytes failed: Only part of a ReadProcessMemory or WriteProcessMemory request was completed. (0x12B)
[1228/202600.278:WARNING:pe_image_reader.cc(340)] could not read dos header from C:\WINDOWS\System32\combase.dll
[1228/202600.278:ERROR:process_memory_win.cc(73)] ReadMemory at 0x7ff95bb10000 of 64 bytes failed: Only part of a ReadProcessMemory or WriteProcessMemory request was completed. (0x12B)
[1228/202600.278:WARNING:pe_image_reader.cc(340)] could not read dos header from C:\WINDOWS\System32\WINTRUST.dll
[1228/202600.278:ERROR:process_memory_win.cc(73)] ReadMemory at 0x7ff95b450000 of 64 bytes failed: Only part of a ReadProcessMemory or WriteProcessMemory request was completed. (0x12B)
[1228/202600.278:WARNING:pe_image_reader.cc(340)] could not read dos header from C:\WINDOWS\System32\MSASN1.dll
[1228/202600.278:ERROR:process_memory_win.cc(73)] ReadMemory at 0x7ff95b920000 of 64 bytes failed: Only part of a ReadProcessMemory or WriteProcessMemory request was completed. (0x12B)
[1228/202600.278:WARNING:pe_image_reader.cc(340)] could not read dos header from C:\WINDOWS\System32\CRYPT32.dll
[1228/202600.278:ERROR:process_memory_win.cc(73)] ReadMemory at 0x7ff951530000 of 64 bytes failed: Only part of a ReadProcessMemory or WriteProcessMemory request was completed. (0x12B)
[1228/202600.278:WARNING:pe_image_reader.cc(340)] could not read dos header from C:\WINDOWS\SYSTEM32\dbghelp.dll
[1228/202600.278:ERROR:process_memory_win.cc(73)] ReadMemory at 0x7ff95a900000 of 64 bytes failed: Only part of a ReadProcessMemory or WriteProcessMemory request was completed. (0x12B)
[1228/202600.278:WARNING:pe_image_reader.cc(340)] could not read dos header from C:\WINDOWS\SYSTEM32\IPHLPAPI.DLL
[1228/202600.278:ERROR:process_memory_win.cc(73)] ReadMemory at 0x7ff958ec0000 of 64 bytes failed: Only part of a ReadProcessMemory or WriteProcessMemory request was completed. (0x12B)
[1228/202600.279:WARNING:pe_image_reader.cc(340)] could not read dos header from C:\WINDOWS\SYSTEM32\WINMM.dll
[1228/202600.279:ERROR:process_memory_win.cc(73)] ReadMemory at 0x7ff92fd70000 of 64 bytes failed: Only part of a ReadProcessMemory or WriteProcessMemory request was completed. (0x12B)
[1228/202600.279:WARNING:pe_image_reader.cc(340)] could not read dos header from C:\WINDOWS\SYSTEM32\UIAutomationCore.DLL
[1228/202600.279:ERROR:process_memory_win.cc(73)] ReadMemory at 0x7ff9513f0000 of 64 bytes failed: Only part of a ReadProcessMemory or WriteProcessMemory request was completed. (0x12B)
[1228/202600.279:WARNING:pe_image_reader.cc(340)] could not read dos header from C:\WINDOWS\SYSTEM32\Secur32.dll
[1228/202600.279:ERROR:process_memory_win.cc(73)] ReadMemory at 0x7ff95b280000 of 64 bytes failed: Only part of a ReadProcessMemory or WriteProcessMemory request was completed. (0x12B)
[1228/202600.279:WARNING:pe_image_reader.cc(340)] could not read dos header from C:\WINDOWS\SYSTEM32\USERENV.dll
[1228/202600.279:ERROR:process_memory_win.cc(73)] ReadMemory at 0x7ff95b420000 of 64 bytes failed: Only part of a ReadProcessMemory or WriteProcessMemory request was completed. (0x12B)
[1228/202600.279:WARNING:pe_image_reader.cc(340)] could not read dos header from C:\WINDOWS\System32\profapi.dll
[1228/202600.279:ERROR:process_memory_win.cc(73)] ReadMemory at 0x7ff93b0e0000 of 64 bytes failed: Only part of a ReadProcessMemory or WriteProcessMemory request was completed. (0x12B)
[1228/202600.279:WARNING:pe_image_reader.cc(340)] could not read dos header from C:\WINDOWS\SYSTEM32\DWrite.dll
[1228/202600.279:ERROR:process_memory_win.cc(73)] ReadMemory at 0x7ff937310000 of 64 bytes failed: Only part of a ReadProcessMemory or WriteProcessMemory request was completed. (0x12B)
[1228/202600.279:WARNING:pe_image_reader.cc(340)] could not read dos header from C:\WINDOWS\SYSTEM32\WINSPOOL.DRV
[1228/202600.279:ERROR:process_memory_win.cc(73)] ReadMemory at 0x7ff95b3b0000 of 64 bytes failed: Only part of a ReadProcessMemory or WriteProcessMemory request was completed. (0x12B)
[1228/202600.279:WARNING:pe_image_reader.cc(340)] could not read dos header from C:\WINDOWS\System32\kernel.appcore.dll
[1228/202600.279:ERROR:process_memory_win.cc(73)] ReadMemory at 0x7ff95c4a0000 of 64 bytes failed: Only part of a ReadProcessMemory or WriteProcessMemory request was completed. (0x12B)
[1228/202600.279:WARNING:pe_image_reader.cc(340)] could not read dos header from C:\WINDOWS\System32\bcrypt.dll
[1228/202600.279:ERROR:process_memory_win.cc(73)] ReadMemory at 0x7ff9545d0000 of 64 bytes failed: Only part of a ReadProcessMemory or WriteProcessMemory request was completed. (0x12B)
[1228/202600.279:WARNING:pe_image_reader.cc(340)] could not read dos header from C:\WINDOWS\SYSTEM32\WINHTTP.dll
[1228/202600.279:ERROR:process_memory_win.cc(73)] ReadMemory at 0x7ff9551e0000 of 64 bytes failed: Only part of a ReadProcessMemory or WriteProcessMemory request was completed. (0x12B)
[1228/202600.279:WARNING:pe_image_reader.cc(340)] could not read dos header from C:\WINDOWS\SYSTEM32\dhcpcsvc.DLL
[1228/202600.279:ERROR:process_memory_win.cc(73)] ReadMemory at 0x7ff95cf20000 of 64 bytes failed: Only part of a ReadProcessMemory or WriteProcessMemory request was completed. (0x12B)
[1228/202600.279:WARNING:pe_image_reader.cc(340)] could not read dos header from C:\WINDOWS\System32\NSI.dll
[1228/202600.279:ERROR:process_memory_win.cc(73)] ReadMemory at 0x7ff958850000 of 64 bytes failed: Only part of a ReadProcessMemory or WriteProcessMemory request was completed. (0x12B)
[1228/202600.279:WARNING:pe_image_reader.cc(340)] could not read dos header from C:\WINDOWS\SYSTEM32\WINMMBASE.dll
[1228/202600.279:ERROR:process_memory_win.cc(73)] ReadMemory at 0x7ff95b470000 of 64 bytes failed: Only part of a ReadProcessMemory or WriteProcessMemory request was completed. (0x12B)
[1228/202600.279:WARNING:pe_image_reader.cc(340)] could not read dos header from C:\WINDOWS\System32\cfgmgr32.dll
[1228/202600.279:ERROR:process_memory_win.cc(73)] ReadMemory at 0x7ff957d20000 of 64 bytes failed: Only part of a ReadProcessMemory or WriteProcessMemory request was completed. (0x12B)
[1228/202600.279:WARNING:pe_image_reader.cc(340)] could not read dos header from C:\WINDOWS\SYSTEM32\PROPSYS.dll
[1228/202600.279:ERROR:process_memory_win.cc(73)] ReadMemory at 0x7ff95cf30000 of 64 bytes failed: Only part of a ReadProcessMemory or WriteProcessMemory request was completed. (0x12B)
[1228/202600.279:WARNING:pe_image_reader.cc(340)] could not read dos header from C:\WINDOWS\System32\shcore.dll
[1228/202600.279:ERROR:process_memory_win.cc(73)] ReadMemory at 0x7ff95b2b0000 of 64 bytes failed: Only part of a ReadProcessMemory or WriteProcessMemory request was completed. (0x12B)
[1228/202600.279:WARNING:pe_image_reader.cc(340)] could not read dos header from C:\WINDOWS\SYSTEM32\SSPICLI.DLL
[1228/202600.279:ERROR:process_memory_win.cc(73)] ReadMemory at 0x7ff95c8d0000 of 64 bytes failed: Only part of a ReadProcessMemory or WriteProcessMemory request was completed. (0x12B)
[1228/202600.279:WARNING:pe_image_reader.cc(340)] could not read dos header from C:\WINDOWS\System32\ole32.dll
[1228/202600.279:ERROR:process_memory_win.cc(73)] ReadMemory at 0x7ff95d870000 of 64 bytes failed: Only part of a ReadProcessMemory or WriteProcessMemory request was completed. (0x12B)
[1228/202600.279:WARNING:pe_image_reader.cc(340)] could not read dos header from C:\WINDOWS\System32\GDI32.dll
[1228/202600.279:ERROR:process_memory_win.cc(73)] ReadMemory at 0x7ff95c4d0000 of 64 bytes failed: Only part of a ReadProcessMemory or WriteProcessMemory request was completed. (0x12B)
[1228/202600.279:WARNING:pe_image_reader.cc(340)] could not read dos header from C:\WINDOWS\System32\win32u.dll
[1228/202600.279:ERROR:process_memory_win.cc(73)] ReadMemory at 0x7ff95c300000 of 64 bytes failed: Only part of a ReadProcessMemory or WriteProcessMemory request was completed. (0x12B)
[1228/202600.279:WARNING:pe_image_reader.cc(340)] could not read dos header from C:\WINDOWS\System32\gdi32full.dll
[1228/202600.279:ERROR:process_memory_win.cc(73)] ReadMemory at 0x7ff95c610000 of 64 bytes failed: Only part of a ReadProcessMemory or WriteProcessMemory request was completed. (0x12B)
[1228/202600.279:WARNING:pe_image_reader.cc(340)] could not read dos header from C:\WINDOWS\System32\USER32.dll
[1228/202600.279:ERROR:process_memory_win.cc(73)] ReadMemory at 0x7ff95d840000 of 64 bytes failed: Only part of a ReadProcessMemory or WriteProcessMemory request was completed. (0x12B)
[1228/202600.279:WARNING:pe_image_reader.cc(340)] could not read dos header from C:\WINDOWS\System32\IMM32.DLL
[1228/202600.279:ERROR:process_memory_win.cc(73)] ReadMemory at 0x1a344330000 of 64 bytes failed: Only part of a ReadProcessMemory or WriteProcessMemory request was completed. (0x12B)
[1228/202600.279:WARNING:pe_image_reader.cc(340)] could not read dos header from C:\WINDOWS\System32\SHELL32.dll
[1228/202600.279:ERROR:process_memory_win.cc(73)] ReadMemory at 0x7ff95bb70000 of 64 bytes failed: Only part of a ReadProcessMemory or WriteProcessMemory request was completed. (0x12B)
[1228/202600.280:WARNING:pe_image_reader.cc(340)] could not read dos header from C:\WINDOWS\System32\windows.storage.dll
[1228/202600.280:ERROR:process_memory_win.cc(73)] ReadMemory at 0x7ff95b3d0000 of 64 bytes failed: Only part of a ReadProcessMemory or WriteProcessMemory request was completed. (0x12B)
[1228/202600.280:WARNING:pe_image_reader.cc(340)] could not read dos header from C:\WINDOWS\System32\powrprof.dll
[1228/202600.280:ERROR:process_memory_win.cc(73)] ReadMemory at 0x7ff95b3a0000 of 64 bytes failed: Only part of a ReadProcessMemory or WriteProcessMemory request was completed. (0x12B)
[1228/202600.280:WARNING:pe_image_reader.cc(340)] could not read dos header from C:\WINDOWS\System32\UMPDC.dll
[1228/202600.280:ERROR:process_memory_win.cc(73)] ReadMemory at 0x7ff95c5b0000 of 64 bytes failed: Only part of a ReadProcessMemory or WriteProcessMemory request was completed. (0x12B)
[1228/202600.280:WARNING:pe_image_reader.cc(340)] could not read dos header from C:\WINDOWS\System32\shlwapi.dll
[1228/202600.280:ERROR:process_memory_win.cc(73)] ReadMemory at 0x7ff95b900000 of 64 bytes failed: Only part of a ReadProcessMemory or WriteProcessMemory request was completed. (0x12B)
[1228/202600.280:WARNING:pe_image_reader.cc(340)] could not read dos header from C:\WINDOWS\System32\cryptsp.dll
[1228/202600.280:ERROR:process_memory_win.cc(73)] ReadMemory at 0x7ff95adc0000 of 64 bytes failed: Only part of a ReadProcessMemory or WriteProcessMemory request was completed. (0x12B)
[1228/202600.280:WARNING:pe_image_reader.cc(340)] could not read dos header from C:\WINDOWS\SYSTEM32\CRYPTBASE.DLL
[1228/202600.284:ERROR:process_memory_win.cc(73)] ReadMemory at 0x7ff7d5870000 of 64 bytes failed: Only part of a ReadProcessMemory or WriteProcessMemory request was completed. (0x12B)
[1228/202600.284:WARNING:pe_image_reader.cc(340)] could not read dos header from C:\Program Files (x86)\Google\Chrome\Application\chrome.exe
[1228/202600.284:ERROR:process_memory_win.cc(73)] ReadMemory at 0x7ff95e500000 of 64 bytes failed: Only part of a ReadProcessMemory or WriteProcessMemory request was completed. (0x12B)
[1228/202600.285:WARNING:pe_image_reader.cc(340)] could not read dos header from C:\WINDOWS\SYSTEM32\ntdll.dll
[1228/202600.285:ERROR:process_memory_win.cc(73)] ReadMemory at 0x7ff95e330000 of 64 bytes failed: Only part of a ReadProcessMemory or WriteProcessMemory request was completed. (0x12B)
[1228/202600.285:WARNING:pe_image_reader.cc(340)] could not read dos header from C:\WINDOWS\System32\KERNEL32.dll
[1228/202600.285:ERROR:process_memory_win.cc(73)] ReadMemory at 0x7ff95b650000 of 64 bytes failed: Only part of a ReadProcessMemory or WriteProcessMemory request was completed. (0x12B)
[1228/202600.285:WARNING:pe_image_reader.cc(340)] could not read dos header from C:\WINDOWS\System32\KERNELBASE.dll
[1228/202600.285:ERROR:process_memory_win.cc(73)] ReadMemory at 0x7ff9121d0000 of 64 bytes failed: Only part of a ReadProcessMemory or WriteProcessMemory request was completed. (0x12B)
[1228/202600.285:WARNING:pe_image_reader.cc(340)] could not read dos header from C:\Program Files (x86)\Google\Chrome\Application\87.0.4280.88\chrome_elf.dll
[1228/202600.285:ERROR:process_memory_win.cc(73)] ReadMemory at 0x7ff954e00000 of 64 bytes failed: Only part of a ReadProcessMemory or WriteProcessMemory request was completed. (0x12B)
[1228/202600.285:WARNING:pe_image_reader.cc(340)] could not read dos header from C:\WINDOWS\SYSTEM32\VERSION.dll
[1228/202600.285:ERROR:process_memory_win.cc(73)] ReadMemory at 0x7ff95c7b0000 of 64 bytes failed: Only part of a ReadProcessMemory or WriteProcessMemory request was completed. (0x12B)
[1228/202600.285:WARNING:pe_image_reader.cc(340)] could not read dos header from C:\WINDOWS\System32\msvcrt.dll
[1228/202600.285:ERROR:process_memory_win.cc(73)] ReadMemory at 0x7ff95b4c0000 of 64 bytes failed: Only part of a ReadProcessMemory or WriteProcessMemory request was completed. (0x12B)
[1228/202600.285:WARNING:pe_image_reader.cc(340)] could not read dos header from C:\WINDOWS\System32\bcryptPrimitives.dll
[1228/202600.285:ERROR:process_memory_win.cc(73)] ReadMemory at 0x7ff95d270000 of 64 bytes failed: Only part of a ReadProcessMemory or WriteProcessMemory request was completed. (0x12B)
[1228/202600.285:WARNING:pe_image_reader.cc(340)] could not read dos header from C:\WINDOWS\System32\ADVAPI32.dll
[1228/202600.285:ERROR:process_memory_win.cc(73)] ReadMemory at 0x7ff95e230000 of 64 bytes failed: Only part of a ReadProcessMemory or WriteProcessMemory request was completed. (0x12B)
[1228/202600.285:WARNING:pe_image_reader.cc(340)] could not read dos header from C:\WINDOWS\System32\sechost.dll
[1228/202600.285:ERROR:process_memory_win.cc(73)] ReadMemory at 0x7ff95df90000 of 64 bytes failed: Only part of a ReadProcessMemory or WriteProcessMemory request was completed. (0x12B)
[1228/202600.285:WARNING:pe_image_reader.cc(340)] could not read dos header from C:\WINDOWS\System32\RPCRT4.dll
[1228/202600.285:ERROR:process_memory_win.cc(73)] ReadMemory at 0x7ff8f6480000 of 64 bytes failed: Only part of a ReadProcessMemory or WriteProcessMemory request was completed. (0x12B)
[1228/202600.285:WARNING:pe_image_reader.cc(340)] could not read dos header from C:\Program Files (x86)\Google\Chrome\Application\87.0.4280.88\chrome.dll
[1228/202600.285:ERROR:process_memory_win.cc(73)] ReadMemory at 0x7ff95e160000 of 64 bytes failed: Only part of a ReadProcessMemory or WriteProcessMemory request was completed. (0x12B)
[1228/202600.285:WARNING:pe_image_reader.cc(340)] could not read dos header from C:\WINDOWS\System32\WS2_32.dll
[1228/202600.285:ERROR:process_memory_win.cc(73)] ReadMemory at 0x1a342c80000 of 64 bytes failed: Only part of a ReadProcessMemory or WriteProcessMemory request was completed. (0x12B)
[1228/202600.285:WARNING:pe_image_reader.cc(340)] could not read dos header from C:\WINDOWS\System32\OLEAUT32.dll
[1228/202600.285:ERROR:process_memory_win.cc(73)] ReadMemory at 0x7ff95ba70000 of 64 bytes failed: Only part of a ReadProcessMemory or WriteProcessMemory request was completed. (0x12B)
[1228/202600.285:WARNING:pe_image_reader.cc(340)] could not read dos header from C:\WINDOWS\System32\msvcp_win.dll
[1228/202600.285:ERROR:process_memory_win.cc(73)] ReadMemory at 0x7ff95b550000 of 64 bytes failed: Only part of a ReadProcessMemory or WriteProcessMemory request was completed. (0x12B)
[1228/202600.285:WARNING:pe_image_reader.cc(340)] could not read dos header from C:\WINDOWS\System32\ucrtbase.dll
[1228/202600.285:ERROR:process_memory_win.cc(73)] ReadMemory at 0x7ff95ca30000 of 64 bytes failed: Only part of a ReadProcessMemory or WriteProcessMemory request was completed. (0x12B)
[1228/202600.285:WARNING:pe_image_reader.cc(340)] could not read dos header from C:\WINDOWS\System32\combase.dll
[1228/202600.285:ERROR:process_memory_win.cc(73)] ReadMemory at 0x7ff95bb10000 of 64 bytes failed: Only part of a ReadProcessMemory or WriteProcessMemory request was completed. (0x12B)
[1228/202600.285:WARNING:pe_image_reader.cc(340)] could not read dos header from C:\WINDOWS\System32\WINTRUST.dll
[1228/202600.285:ERROR:process_memory_win.cc(73)] ReadMemory at 0x7ff95b450000 of 64 bytes failed: Only part of a ReadProcessMemory or WriteProcessMemory request was completed. (0x12B)
[1228/202600.285:WARNING:pe_image_reader.cc(340)] could not read dos header from C:\WINDOWS\System32\MSASN1.dll
[1228/202600.285:ERROR:process_memory_win.cc(73)] ReadMemory at 0x7ff95b920000 of 64 bytes failed: Only part of a ReadProcessMemory or WriteProcessMemory request was completed. (0x12B)
[1228/202600.285:WARNING:pe_image_reader.cc(340)] could not read dos header from C:\WINDOWS\System32\CRYPT32.dll
[1228/202600.285:ERROR:process_memory_win.cc(73)] ReadMemory at 0x7ff951530000 of 64 bytes failed: Only part of a ReadProcessMemory or WriteProcessMemory request was completed. (0x12B)
[1228/202600.285:WARNING:pe_image_reader.cc(340)] could not read dos header from C:\WINDOWS\SYSTEM32\dbghelp.dll
[1228/202600.285:ERROR:process_memory_win.cc(73)] ReadMemory at 0x7ff95a900000 of 64 bytes failed: Only part of a ReadProcessMemory or WriteProcessMemory request was completed. (0x12B)
[1228/202600.285:WARNING:pe_image_reader.cc(340)] could not read dos header from C:\WINDOWS\SYSTEM32\IPHLPAPI.DLL
[1228/202600.285:ERROR:process_memory_win.cc(73)] ReadMemory at 0x7ff958ec0000 of 64 bytes failed: Only part of a ReadProcessMemory or WriteProcessMemory request was completed. (0x12B)
[1228/202600.285:WARNING:pe_image_reader.cc(340)] could not read dos header from C:\WINDOWS\SYSTEM32\WINMM.dll
[1228/202600.285:ERROR:process_memory_win.cc(73)] ReadMemory at 0x7ff92fd70000 of 64 bytes failed: Only part of a ReadProcessMemory or WriteProcessMemory request was completed. (0x12B)
[1228/202600.285:WARNING:pe_image_reader.cc(340)] could not read dos header from C:\WINDOWS\SYSTEM32\UIAutomationCore.DLL
[1228/202600.285:ERROR:process_memory_win.cc(73)] ReadMemory at 0x7ff9513f0000 of 64 bytes failed: Only part of a ReadProcessMemory or WriteProcessMemory request was completed. (0x12B)
[1228/202600.285:WARNING:pe_image_reader.cc(340)] could not read dos header from C:\WINDOWS\SYSTEM32\Secur32.dll
[1228/202600.285:ERROR:process_memory_win.cc(73)] ReadMemory at 0x7ff95b280000 of 64 bytes failed: Only part of a ReadProcessMemory or WriteProcessMemory request was completed. (0x12B)
[1228/202600.285:WARNING:pe_image_reader.cc(340)] could not read dos header from C:\WINDOWS\SYSTEM32\USERENV.dll
[1228/202600.285:ERROR:process_memory_win.cc(73)] ReadMemory at 0x7ff95b420000 of 64 bytes failed: Only part of a ReadProcessMemory or WriteProcessMemory request was completed. (0x12B)
[1228/202600.285:WARNING:pe_image_reader.cc(340)] could not read dos header from C:\WINDOWS\System32\profapi.dll
[1228/202600.285:ERROR:process_memory_win.cc(73)] ReadMemory at 0x7ff93b0e0000 of 64 bytes failed: Only part of a ReadProcessMemory or WriteProcessMemory request was completed. (0x12B)
[1228/202600.285:WARNING:pe_image_reader.cc(340)] could not read dos header from C:\WINDOWS\SYSTEM32\DWrite.dll
[1228/202600.285:ERROR:process_memory_win.cc(73)] ReadMemory at 0x7ff937310000 of 64 bytes failed: Only part of a ReadProcessMemory or WriteProcessMemory request was completed. (0x12B)
[1228/202600.285:WARNING:pe_image_reader.cc(340)] could not read dos header from C:\WINDOWS\SYSTEM32\WINSPOOL.DRV
[1228/202600.285:ERROR:process_memory_win.cc(73)] ReadMemory at 0x7ff95b3b0000 of 64 bytes failed: Only part of a ReadProcessMemory or WriteProcessMemory request was completed. (0x12B)
[1228/202600.286:WARNING:pe_image_reader.cc(340)] could not read dos header from C:\WINDOWS\System32\kernel.appcore.dll
[1228/202600.286:ERROR:process_memory_win.cc(73)] ReadMemory at 0x7ff95c4a0000 of 64 bytes failed: Only part of a ReadProcessMemory or WriteProcessMemory request was completed. (0x12B)
[1228/202600.286:WARNING:pe_image_reader.cc(340)] could not read dos header from C:\WINDOWS\System32\bcrypt.dll
[1228/202600.286:ERROR:process_memory_win.cc(73)] ReadMemory at 0x7ff9545d0000 of 64 bytes failed: Only part of a ReadProcessMemory or WriteProcessMemory request was completed. (0x12B)
[1228/202600.286:WARNING:pe_image_reader.cc(340)] could not read dos header from C:\WINDOWS\SYSTEM32\WINHTTP.dll
[1228/202600.286:ERROR:process_memory_win.cc(73)] ReadMemory at 0x7ff9551e0000 of 64 bytes failed: Only part of a ReadProcessMemory or WriteProcessMemory request was completed. (0x12B)
[1228/202600.286:WARNING:pe_image_reader.cc(340)] could not read dos header from C:\WINDOWS\SYSTEM32\dhcpcsvc.DLL
[1228/202600.286:ERROR:process_memory_win.cc(73)] ReadMemory at 0x7ff95cf20000 of 64 bytes failed: Only part of a ReadProcessMemory or WriteProcessMemory request was completed. (0x12B)
[1228/202600.286:WARNING:pe_image_reader.cc(340)] could not read dos header from C:\WINDOWS\System32\NSI.dll
[1228/202600.286:ERROR:process_memory_win.cc(73)] ReadMemory at 0x7ff958850000 of 64 bytes failed: Only part of a ReadProcessMemory or WriteProcessMemory request was completed. (0x12B)
[1228/202600.286:WARNING:pe_image_reader.cc(340)] could not read dos header from C:\WINDOWS\SYSTEM32\WINMMBASE.dll
[1228/202600.286:ERROR:process_memory_win.cc(73)] ReadMemory at 0x7ff95b470000 of 64 bytes failed: Only part of a ReadProcessMemory or WriteProcessMemory request was completed. (0x12B)
[1228/202600.286:WARNING:pe_image_reader.cc(340)] could not read dos header from C:\WINDOWS\System32\cfgmgr32.dll
[1228/202600.286:ERROR:process_memory_win.cc(73)] ReadMemory at 0x7ff957d20000 of 64 bytes failed: Only part of a ReadProcessMemory or WriteProcessMemory request was completed. (0x12B)
[1228/202600.286:WARNING:pe_image_reader.cc(340)] could not read dos header from C:\WINDOWS\SYSTEM32\PROPSYS.dll
[1228/202600.286:ERROR:process_memory_win.cc(73)] ReadMemory at 0x7ff95cf30000 of 64 bytes failed: Only part of a ReadProcessMemory or WriteProcessMemory request was completed. (0x12B)
[1228/202600.286:WARNING:pe_image_reader.cc(340)] could not read dos header from C:\WINDOWS\System32\shcore.dll
[1228/202600.286:ERROR:process_memory_win.cc(73)] ReadMemory at 0x7ff95b2b0000 of 64 bytes failed: Only part of a ReadProcessMemory or WriteProcessMemory request was completed. (0x12B)
[1228/202600.286:WARNING:pe_image_reader.cc(340)] could not read dos header from C:\WINDOWS\SYSTEM32\SSPICLI.DLL
[1228/202600.286:ERROR:process_memory_win.cc(73)] ReadMemory at 0x7ff95c8d0000 of 64 bytes failed: Only part of a ReadProcessMemory or WriteProcessMemory request was completed. (0x12B)
[1228/202600.286:WARNING:pe_image_reader.cc(340)] could not read dos header from C:\WINDOWS\System32\ole32.dll
[1228/202600.286:ERROR:process_memory_win.cc(73)] ReadMemory at 0x7ff95d870000 of 64 bytes failed: Only part of a ReadProcessMemory or WriteProcessMemory request was completed. (0x12B)
[1228/202600.286:WARNING:pe_image_reader.cc(340)] could not read dos header from C:\WINDOWS\System32\GDI32.dll
[1228/202600.286:ERROR:process_memory_win.cc(73)] ReadMemory at 0x7ff95c4d0000 of 64 bytes failed: Only part of a ReadProcessMemory or WriteProcessMemory request was completed. (0x12B)
[1228/202600.286:WARNING:pe_image_reader.cc(340)] could not read dos header from C:\WINDOWS\System32\win32u.dll
[1228/202600.286:ERROR:process_memory_win.cc(73)] ReadMemory at 0x7ff95c300000 of 64 bytes failed: Only part of a ReadProcessMemory or WriteProcessMemory request was completed. (0x12B)
[1228/202600.286:WARNING:pe_image_reader.cc(340)] could not read dos header from C:\WINDOWS\System32\gdi32full.dll
[1228/202600.286:ERROR:process_memory_win.cc(73)] ReadMemory at 0x7ff95c610000 of 64 bytes failed: Only part of a ReadProcessMemory or WriteProcessMemory request was completed. (0x12B)
[1228/202600.286:WARNING:pe_image_reader.cc(340)] could not read dos header from C:\WINDOWS\System32\USER32.dll
[1228/202600.286:ERROR:process_memory_win.cc(73)] ReadMemory at 0x7ff95d840000 of 64 bytes failed: Only part of a ReadProcessMemory or WriteProcessMemory request was completed. (0x12B)
[1228/202600.286:WARNING:pe_image_reader.cc(340)] could not read dos header from C:\WINDOWS\System32\IMM32.DLL
[1228/202600.286:ERROR:process_memory_win.cc(73)] ReadMemory at 0x1a344330000 of 64 bytes failed: Only part of a ReadProcessMemory or WriteProcessMemory request was completed. (0x12B)
[1228/202600.286:WARNING:pe_image_reader.cc(340)] could not read dos header from C:\WINDOWS\System32\SHELL32.dll
[1228/202600.286:ERROR:process_memory_win.cc(73)] ReadMemory at 0x7ff95bb70000 of 64 bytes failed: Only part of a ReadProcessMemory or WriteProcessMemory request was completed. (0x12B)
[1228/202600.286:WARNING:pe_image_reader.cc(340)] could not read dos header from C:\WINDOWS\System32\windows.storage.dll
[1228/202600.286:ERROR:process_memory_win.cc(73)] ReadMemory at 0x7ff95b3d0000 of 64 bytes failed: Only part of a ReadProcessMemory or WriteProcessMemory request was completed. (0x12B)
[1228/202600.286:WARNING:pe_image_reader.cc(340)] could not read dos header from C:\WINDOWS\System32\powrprof.dll
[1228/202600.286:ERROR:process_memory_win.cc(73)] ReadMemory at 0x7ff95b3a0000 of 64 bytes failed: Only part of a ReadProcessMemory or WriteProcessMemory request was completed. (0x12B)
[1228/202600.286:WARNING:pe_image_reader.cc(340)] could not read dos header from C:\WINDOWS\System32\UMPDC.dll
[1228/202600.286:ERROR:process_memory_win.cc(73)] ReadMemory at 0x7ff95c5b0000 of 64 bytes failed: Only part of a ReadProcessMemory or WriteProcessMemory request was completed. (0x12B)
[1228/202600.286:WARNING:pe_image_reader.cc(340)] could not read dos header from C:\WINDOWS\System32\shlwapi.dll
[1228/202600.286:ERROR:process_memory_win.cc(73)] ReadMemory at 0x7ff95b900000 of 64 bytes failed: Only part of a ReadProcessMemory or WriteProcessMemory request was completed. (0x12B)
[1228/202600.286:WARNING:pe_image_reader.cc(340)] could not read dos header from C:\WINDOWS\System32\cryptsp.dll
[1228/202600.286:ERROR:process_memory_win.cc(73)] ReadMemory at 0x7ff95adc0000 of 64 bytes failed: Only part of a ReadProcessMemory or WriteProcessMemory request was completed. (0x12B)
[1228/202600.286:WARNING:pe_image_reader.cc(340)] could not read dos header from C:\WINDOWS\SYSTEM32\CRYPTBASE.DLL
[1228/202600.286:ERROR:process_memory_win.cc(73)] ReadMemory at 0x7ff7d5870000 of 64 bytes failed: Only part of a ReadProcessMemory or WriteProcessMemory request was completed. (0x12B)
[1228/202600.286:WARNING:pe_image_reader.cc(340)] could not read dos header from C:\Program Files (x86)\Google\Chrome\Application\chrome.exe
[1228/202600.286:ERROR:process_memory_win.cc(73)] ReadMemory at 0x7ff95e500000 of 64 bytes failed: Only part of a ReadProcessMemory or WriteProcessMemory request was completed. (0x12B)
[1228/202600.286:WARNING:pe_image_reader.cc(340)] could not read dos header from C:\WINDOWS\SYSTEM32\ntdll.dll
[1228/202600.286:ERROR:process_memory_win.cc(73)] ReadMemory at 0x7ff95e330000 of 64 bytes failed: Only part of a ReadProcessMemory or WriteProcessMemory request was completed. (0x12B)
[1228/202600.286:WARNING:pe_image_reader.cc(340)] could not read dos header from C:\WINDOWS\System32\KERNEL32.dll
[1228/202600.286:ERROR:process_memory_win.cc(73)] ReadMemory at 0x7ff95b650000 of 64 bytes failed: Only part of a ReadProcessMemory or WriteProcessMemory request was completed. (0x12B)
[1228/202600.286:WARNING:pe_image_reader.cc(340)] could not read dos header from C:\WINDOWS\System32\KERNELBASE.dll
[1228/202600.286:ERROR:process_memory_win.cc(73)] ReadMemory at 0x7ff9121d0000 of 64 bytes failed: Only part of a ReadProcessMemory or WriteProcessMemory request was completed. (0x12B)
[1228/202600.286:WARNING:pe_image_reader.cc(340)] could not read dos header from C:\Program Files (x86)\Google\Chrome\Application\87.0.4280.88\chrome_elf.dll
[1228/202600.286:ERROR:process_memory_win.cc(73)] ReadMemory at 0x7ff954e00000 of 64 bytes failed: Only part of a ReadProcessMemory or WriteProcessMemory request was completed. (0x12B)
[1228/202600.286:WARNING:pe_image_reader.cc(340)] could not read dos header from C:\WINDOWS\SYSTEM32\VERSION.dll
[1228/202600.287:ERROR:process_memory_win.cc(73)] ReadMemory at 0x7ff95c7b0000 of 64 bytes failed: Only part of a ReadProcessMemory or WriteProcessMemory request was completed. (0x12B)
[1228/202600.287:WARNING:pe_image_reader.cc(340)] could not read dos header from C:\WINDOWS\System32\msvcrt.dll
[1228/202600.287:ERROR:process_memory_win.cc(73)] ReadMemory at 0x7ff95b4c0000 of 64 bytes failed: Only part of a ReadProcessMemory or WriteProcessMemory request was completed. (0x12B)
[1228/202600.287:WARNING:pe_image_reader.cc(340)] could not read dos header from C:\WINDOWS\System32\bcryptPrimitives.dll
[1228/202600.287:ERROR:process_memory_win.cc(73)] ReadMemory at 0x7ff95d270000 of 64 bytes failed: Only part of a ReadProcessMemory or WriteProcessMemory request was completed. (0x12B)
[1228/202600.287:WARNING:pe_image_reader.cc(340)] could not read dos header from C:\WINDOWS\System32\ADVAPI32.dll
[1228/202600.287:ERROR:process_memory_win.cc(73)] ReadMemory at 0x7ff95e230000 of 64 bytes failed: Only part of a ReadProcessMemory or WriteProcessMemory request was completed. (0x12B)
[1228/202600.287:WARNING:pe_image_reader.cc(340)] could not read dos header from C:\WINDOWS\System32\sechost.dll
[1228/202600.287:ERROR:process_memory_win.cc(73)] ReadMemory at 0x7ff95df90000 of 64 bytes failed: Only part of a ReadProcessMemory or WriteProcessMemory request was completed. (0x12B)
[1228/202600.287:WARNING:pe_image_reader.cc(340)] could not read dos header from C:\WINDOWS\System32\RPCRT4.dll
[1228/202600.287:ERROR:process_memory_win.cc(73)] ReadMemory at 0x7ff8f6480000 of 64 bytes failed: Only part of a ReadProcessMemory or WriteProcessMemory request was completed. (0x12B)
[1228/202600.287:WARNING:pe_image_reader.cc(340)] could not read dos header from C:\Program Files (x86)\Google\Chrome\Application\87.0.4280.88\chrome.dll
[1228/202600.287:ERROR:process_memory_win.cc(73)] ReadMemory at 0x7ff95e160000 of 64 bytes failed: Only part of a ReadProcessMemory or WriteProcessMemory request was completed. (0x12B)
[1228/202600.287:WARNING:pe_image_reader.cc(340)] could not read dos header from C:\WINDOWS\System32\WS2_32.dll
[1228/202600.287:ERROR:process_memory_win.cc(73)] ReadMemory at 0x1a342c80000 of 64 bytes failed: Only part of a ReadProcessMemory or WriteProcessMemory request was completed. (0x12B)
[1228/202600.287:WARNING:pe_image_reader.cc(340)] could not read dos header from C:\WINDOWS\System32\OLEAUT32.dll
[1228/202600.287:ERROR:process_memory_win.cc(73)] ReadMemory at 0x7ff95ba70000 of 64 bytes failed: Only part of a ReadProcessMemory or WriteProcessMemory request was completed. (0x12B)
[1228/202600.287:WARNING:pe_image_reader.cc(340)] could not read dos header from C:\WINDOWS\System32\msvcp_win.dll
[1228/202600.287:ERROR:process_memory_win.cc(73)] ReadMemory at 0x7ff95b550000 of 64 bytes failed: Only part of a ReadProcessMemory or WriteProcessMemory request was completed. (0x12B)
[1228/202600.287:WARNING:pe_image_reader.cc(340)] could not read dos header from C:\WINDOWS\System32\ucrtbase.dll
[1228/202600.287:ERROR:process_memory_win.cc(73)] ReadMemory at 0x7ff95ca30000 of 64 bytes failed: Only part of a ReadProcessMemory or WriteProcessMemory request was completed. (0x12B)
[1228/202600.287:WARNING:pe_image_reader.cc(340)] could not read dos header from C:\WINDOWS\System32\combase.dll
[1228/202600.287:ERROR:process_memory_win.cc(73)] ReadMemory at 0x7ff95bb10000 of 64 bytes failed: Only part of a ReadProcessMemory or WriteProcessMemory request was completed. (0x12B)
[1228/202600.287:WARNING:pe_image_reader.cc(340)] could not read dos header from C:\WINDOWS\System32\WINTRUST.dll
[1228/202600.287:ERROR:process_memory_win.cc(73)] ReadMemory at 0x7ff95b450000 of 64 bytes failed: Only part of a ReadProcessMemory or WriteProcessMemory request was completed. (0x12B)
[1228/202600.287:WARNING:pe_image_reader.cc(340)] could not read dos header from C:\WINDOWS\System32\MSASN1.dll
[1228/202600.287:ERROR:process_memory_win.cc(73)] ReadMemory at 0x7ff95b920000 of 64 bytes failed: Only part of a ReadProcessMemory or WriteProcessMemory request was completed. (0x12B)
[1228/202600.287:WARNING:pe_image_reader.cc(340)] could not read dos header from C:\WINDOWS\System32\CRYPT32.dll
[1228/202600.287:ERROR:process_memory_win.cc(73)] ReadMemory at 0x7ff951530000 of 64 bytes failed: Only part of a ReadProcessMemory or WriteProcessMemory request was completed. (0x12B)
[1228/202600.287:WARNING:pe_image_reader.cc(340)] could not read dos header from C:\WINDOWS\SYSTEM32\dbghelp.dll
[1228/202600.287:ERROR:process_memory_win.cc(73)] ReadMemory at 0x7ff95a900000 of 64 bytes failed: Only part of a ReadProcessMemory or WriteProcessMemory request was completed. (0x12B)
[1228/202600.287:WARNING:pe_image_reader.cc(340)] could not read dos header from C:\WINDOWS\SYSTEM32\IPHLPAPI.DLL
[1228/202600.287:ERROR:process_memory_win.cc(73)] ReadMemory at 0x7ff958ec0000 of 64 bytes failed: Only part of a ReadProcessMemory or WriteProcessMemory request was completed. (0x12B)
[1228/202600.287:WARNING:pe_image_reader.cc(340)] could not read dos header from C:\WINDOWS\SYSTEM32\WINMM.dll
[1228/202600.287:ERROR:process_memory_win.cc(73)] ReadMemory at 0x7ff92fd70000 of 64 bytes failed: Only part of a ReadProcessMemory or WriteProcessMemory request was completed. (0x12B)
[1228/202600.287:WARNING:pe_image_reader.cc(340)] could not read dos header from C:\WINDOWS\SYSTEM32\UIAutomationCore.DLL
[1228/202600.287:ERROR:process_memory_win.cc(73)] ReadMemory at 0x7ff9513f0000 of 64 bytes failed: Only part of a ReadProcessMemory or WriteProcessMemory request was completed. (0x12B)
[1228/202600.287:WARNING:pe_image_reader.cc(340)] could not read dos header from C:\WINDOWS\SYSTEM32\Secur32.dll
[1228/202600.287:ERROR:process_memory_win.cc(73)] ReadMemory at 0x7ff95b280000 of 64 bytes failed: Only part of a ReadProcessMemory or WriteProcessMemory request was completed. (0x12B)
[1228/202600.287:WARNING:pe_image_reader.cc(340)] could not read dos header from C:\WINDOWS\SYSTEM32\USERENV.dll
[1228/202600.287:ERROR:process_memory_win.cc(73)] ReadMemory at 0x7ff95b420000 of 64 bytes failed: Only part of a ReadProcessMemory or WriteProcessMemory request was completed. (0x12B)
[1228/202600.287:WARNING:pe_image_reader.cc(340)] could not read dos header from C:\WINDOWS\System32\profapi.dll
[1228/202600.287:ERROR:process_memory_win.cc(73)] ReadMemory at 0x7ff93b0e0000 of 64 bytes failed: Only part of a ReadProcessMemory or WriteProcessMemory request was completed. (0x12B)
[1228/202600.287:WARNING:pe_image_reader.cc(340)] could not read dos header from C:\WINDOWS\SYSTEM32\DWrite.dll
[1228/202600.287:ERROR:process_memory_win.cc(73)] ReadMemory at 0x7ff937310000 of 64 bytes failed: Only part of a ReadProcessMemory or WriteProcessMemory request was completed. (0x12B)
[1228/202600.287:WARNING:pe_image_reader.cc(340)] could not read dos header from C:\WINDOWS\SYSTEM32\WINSPOOL.DRV
[1228/202600.287:ERROR:process_memory_win.cc(73)] ReadMemory at 0x7ff95b3b0000 of 64 bytes failed: Only part of a ReadProcessMemory or WriteProcessMemory request was completed. (0x12B)
[1228/202600.287:WARNING:pe_image_reader.cc(340)] could not read dos header from C:\WINDOWS\System32\kernel.appcore.dll
[1228/202600.287:ERROR:process_memory_win.cc(73)] ReadMemory at 0x7ff95c4a0000 of 64 bytes failed: Only part of a ReadProcessMemory or WriteProcessMemory request was completed. (0x12B)
[1228/202600.287:WARNING:pe_image_reader.cc(340)] could not read dos header from C:\WINDOWS\System32\bcrypt.dll
[1228/202600.287:ERROR:process_memory_win.cc(73)] ReadMemory at 0x7ff9545d0000 of 64 bytes failed: Only part of a ReadProcessMemory or WriteProcessMemory request was completed. (0x12B)
[1228/202600.287:WARNING:pe_image_reader.cc(340)] could not read dos header from C:\WINDOWS\SYSTEM32\WINHTTP.dll
[1228/202600.287:ERROR:process_memory_win.cc(73)] ReadMemory at 0x7ff9551e0000 of 64 bytes failed: Only part of a ReadProcessMemory or WriteProcessMemory request was completed. (0x12B)
[1228/202600.287:WARNING:pe_image_reader.cc(340)] could not read dos header from C:\WINDOWS\SYSTEM32\dhcpcsvc.DLL
[1228/202600.287:ERROR:process_memory_win.cc(73)] ReadMemory at 0x7ff95cf20000 of 64 bytes failed: Only part of a ReadProcessMemory or WriteProcessMemory request was completed. (0x12B)
[1228/202600.287:WARNING:pe_image_reader.cc(340)] could not read dos header from C:\WINDOWS\System32\NSI.dll
[1228/202600.287:ERROR:process_memory_win.cc(73)] ReadMemory at 0x7ff958850000 of 64 bytes failed: Only part of a ReadProcessMemory or WriteProcessMemory request was completed. (0x12B)
[1228/202600.287:WARNING:pe_image_reader.cc(340)] could not read dos header from C:\WINDOWS\SYSTEM32\WINMMBASE.dll
[1228/202600.288:ERROR:process_memory_win.cc(73)] ReadMemory at 0x7ff95b470000 of 64 bytes failed: Only part of a ReadProcessMemory or WriteProcessMemory request was completed. (0x12B)
[1228/202600.288:WARNING:pe_image_reader.cc(340)] could not read dos header from C:\WINDOWS\System32\cfgmgr32.dll
[1228/202600.288:ERROR:process_memory_win.cc(73)] ReadMemory at 0x7ff957d20000 of 64 bytes failed: Only part of a ReadProcessMemory or WriteProcessMemory request was completed. (0x12B)
[1228/202600.288:WARNING:pe_image_reader.cc(340)] could not read dos header from C:\WINDOWS\SYSTEM32\PROPSYS.dll
[1228/202600.288:ERROR:process_memory_win.cc(73)] ReadMemory at 0x7ff95cf30000 of 64 bytes failed: Only part of a ReadProcessMemory or WriteProcessMemory request was completed. (0x12B)
[1228/202600.288:WARNING:pe_image_reader.cc(340)] could not read dos header from C:\WINDOWS\System32\shcore.dll
[1228/202600.288:ERROR:process_memory_win.cc(73)] ReadMemory at 0x7ff95b2b0000 of 64 bytes failed: Only part of a ReadProcessMemory or WriteProcessMemory request was completed. (0x12B)
[1228/202600.288:WARNING:pe_image_reader.cc(340)] could not read dos header from C:\WINDOWS\SYSTEM32\SSPICLI.DLL
[1228/202600.288:ERROR:process_memory_win.cc(73)] ReadMemory at 0x7ff95c8d0000 of 64 bytes failed: Only part of a ReadProcessMemory or WriteProcessMemory request was completed. (0x12B)
[1228/202600.288:WARNING:pe_image_reader.cc(340)] could not read dos header from C:\WINDOWS\System32\ole32.dll
[1228/202600.288:ERROR:process_memory_win.cc(73)] ReadMemory at 0x7ff95d870000 of 64 bytes failed: Only part of a ReadProcessMemory or WriteProcessMemory request was completed. (0x12B)
[1228/202600.288:WARNING:pe_image_reader.cc(340)] could not read dos header from C:\WINDOWS\System32\GDI32.dll
[1228/202600.288:ERROR:process_memory_win.cc(73)] ReadMemory at 0x7ff95c4d0000 of 64 bytes failed: Only part of a ReadProcessMemory or WriteProcessMemory request was completed. (0x12B)
[1228/202600.288:WARNING:pe_image_reader.cc(340)] could not read dos header from C:\WINDOWS\System32\win32u.dll
[1228/202600.288:ERROR:process_memory_win.cc(73)] ReadMemory at 0x7ff95c300000 of 64 bytes failed: Only part of a ReadProcessMemory or WriteProcessMemory request was completed. (0x12B)
[1228/202600.288:WARNING:pe_image_reader.cc(340)] could not read dos header from C:\WINDOWS\System32\gdi32full.dll
[1228/202600.288:ERROR:process_memory_win.cc(73)] ReadMemory at 0x7ff95c610000 of 64 bytes failed: Only part of a ReadProcessMemory or WriteProcessMemory request was completed. (0x12B)
[1228/202600.288:WARNING:pe_image_reader.cc(340)] could not read dos header from C:\WINDOWS\System32\USER32.dll
[1228/202600.288:ERROR:process_memory_win.cc(73)] ReadMemory at 0x7ff95d840000 of 64 bytes failed: Only part of a ReadProcessMemory or WriteProcessMemory request was completed. (0x12B)
[1228/202600.288:WARNING:pe_image_reader.cc(340)] could not read dos header from C:\WINDOWS\System32\IMM32.DLL
[1228/202600.288:ERROR:process_memory_win.cc(73)] ReadMemory at 0x1a344330000 of 64 bytes failed: Only part of a ReadProcessMemory or WriteProcessMemory request was completed. (0x12B)
[1228/202600.288:WARNING:pe_image_reader.cc(340)] could not read dos header from C:\WINDOWS\System32\SHELL32.dll
[1228/202600.288:ERROR:process_memory_win.cc(73)] ReadMemory at 0x7ff95bb70000 of 64 bytes failed: Only part of a ReadProcessMemory or WriteProcessMemory request was completed. (0x12B)
[1228/202600.288:WARNING:pe_image_reader.cc(340)] could not read dos header from C:\WINDOWS\System32\windows.storage.dll
[1228/202600.288:ERROR:process_memory_win.cc(73)] ReadMemory at 0x7ff95b3d0000 of 64 bytes failed: Only part of a ReadProcessMemory or WriteProcessMemory request was completed. (0x12B)
[1228/202600.288:WARNING:pe_image_reader.cc(340)] could not read dos header from C:\WINDOWS\System32\powrprof.dll
[1228/202600.288:ERROR:process_memory_win.cc(73)] ReadMemory at 0x7ff95b3a0000 of 64 bytes failed: Only part of a ReadProcessMemory or WriteProcessMemory request was completed. (0x12B)
[1228/202600.288:WARNING:pe_image_reader.cc(340)] could not read dos header from C:\WINDOWS\System32\UMPDC.dll
[1228/202600.288:ERROR:process_memory_win.cc(73)] ReadMemory at 0x7ff95c5b0000 of 64 bytes failed: Only part of a ReadProcessMemory or WriteProcessMemory request was completed. (0x12B)
[1228/202600.288:WARNING:pe_image_reader.cc(340)] could not read dos header from C:\WINDOWS\System32\shlwapi.dll
[1228/202600.288:ERROR:process_memory_win.cc(73)] ReadMemory at 0x7ff95b900000 of 64 bytes failed: Only part of a ReadProcessMemory or WriteProcessMemory request was completed. (0x12B)
[1228/202600.288:WARNING:pe_image_reader.cc(340)] could not read dos header from C:\WINDOWS\System32\cryptsp.dll
[1228/202600.288:ERROR:process_memory_win.cc(73)] ReadMemory at 0x7ff95adc0000 of 64 bytes failed: Only part of a ReadProcessMemory or WriteProcessMemory request was completed. (0x12B)
[1228/202600.288:WARNING:pe_image_reader.cc(340)] could not read dos header from C:\WINDOWS\SYSTEM32\CRYPTBASE.DLL
[1228/202600.296:ERROR:process_memory_win.cc(73)] ReadMemory at 0x9abefea000 of 90112 bytes failed: Only part of a ReadProcessMemory or WriteProcessMemory request was completed. (0x12B)
[1228/202600.297:ERROR:process_memory_win.cc(73)] ReadMemory at 0x9abf7fe000 of 8192 bytes failed: Only part of a ReadProcessMemory or WriteProcessMemory request was completed. (0x12B)
[1228/202600.297:ERROR:process_memory_win.cc(73)] ReadMemory at 0x9abfff6000 of 40960 bytes failed: Only part of a ReadProcessMemory or WriteProcessMemory request was completed. (0x12B)
[1228/202600.297:ERROR:process_memory_win.cc(73)] ReadMemory at 0x9ac07fe000 of 8192 bytes failed: Only part of a ReadProcessMemory or WriteProcessMemory request was completed. (0x12B)
[1228/202600.297:ERROR:process_memory_win.cc(73)] ReadMemory at 0x9ac0ff7000 of 36864 bytes failed: Only part of a ReadProcessMemory or WriteProcessMemory request was completed. (0x12B)
[1228/202600.297:ERROR:process_memory_win.cc(73)] ReadMemory at 0x9ac17fd000 of 12288 bytes failed: Only part of a ReadProcessMemory or WriteProcessMemory request was completed. (0x12B)
[1228/202600.297:ERROR:process_memory_win.cc(73)] ReadMemory at 0x9ac1fff000 of 4096 bytes failed: Only part of a ReadProcessMemory or WriteProcessMemory request was completed. (0x12B)
[1228/202600.297:ERROR:process_memory_win.cc(73)] ReadMemory at 0x9ac27fe000 of 8192 bytes failed: Only part of a ReadProcessMemory or WriteProcessMemory request was completed. (0x12B)
[1228/202600.297:ERROR:process_memory_win.cc(73)] ReadMemory at 0x9ac2ffc000 of 16384 bytes failed: Only part of a ReadProcessMemory or WriteProcessMemory request was completed. (0x12B)
[1228/202600.297:ERROR:process_memory_win.cc(73)] ReadMemory at 0x9ac37fe000 of 8192 bytes failed: Only part of a ReadProcessMemory or WriteProcessMemory request was completed. (0x12B)
[1228/202600.297:ERROR:process_memory_win.cc(73)] ReadMemory at 0x9ac3ffe000 of 8192 bytes failed: Only part of a ReadProcessMemory or WriteProcessMemory request was completed. (0x12B)
[1228/202600.297:ERROR:process_memory_win.cc(73)] ReadMemory at 0x9ac47fe000 of 8192 bytes failed: Only part of a ReadProcessMemory or WriteProcessMemory request was completed. (0x12B)
[1228/202600.297:ERROR:process_memory_win.cc(73)] ReadMemory at 0x9ac4ffd000 of 12288 bytes failed: Only part of a ReadProcessMemory or WriteProcessMemory request was completed. (0x12B)
[1228/202600.297:ERROR:process_memory_win.cc(73)] ReadMemory at 0x9ac57fe000 of 8192 bytes failed: Only part of a ReadProcessMemory or WriteProcessMemory request was completed. (0x12B)
[1228/202600.297:ERROR:process_memory_win.cc(73)] ReadMemory at 0x9ac5ffd000 of 12288 bytes failed: Only part of a ReadProcessMemory or WriteProcessMemory request was completed. (0x12B)
[1228/202600.298:ERROR:process_memory_win.cc(73)] ReadMemory at 0x9ac67fe000 of 8192 bytes failed: Only part of a ReadProcessMemory or WriteProcessMemory request was completed. (0x12B)
[1228/202600.298:ERROR:process_memory_win.cc(73)] ReadMemory at 0x9ac6ffe000 of 8192 bytes failed: Only part of a ReadProcessMemory or WriteProcessMemory request was completed. (0x12B)
[1228/202600.298:ERROR:process_memory_win.cc(73)] ReadMemory at 0x9ac77fe000 of 8192 bytes failed: Only part of a ReadProcessMemory or WriteProcessMemory request was completed. (0x12B)
[1228/202600.298:ERROR:process_memory_win.cc(73)] ReadMemory at 0x9abe6c8000 of 852 bytes failed: Only part of a ReadProcessMemory or WriteProcessMemory request was completed. (0x12B)
[1228/202600.298:ERROR:process_memory_win.cc(73)] ReadMemory at 0x9abe6c9000 of 6024 bytes failed: Only part of a ReadProcessMemory or WriteProcessMemory request was completed. (0x12B)
[1228/202600.298:ERROR:process_memory_win.cc(73)] ReadMemory at 0x9abe6cb000 of 6024 bytes failed: Only part of a ReadProcessMemory or WriteProcessMemory request was completed. (0x12B)
[1228/202600.298:ERROR:process_memory_win.cc(73)] ReadMemory at 0x9abe6cd000 of 6024 bytes failed: Only part of a ReadProcessMemory or WriteProcessMemory request was completed. (0x12B)
[1228/202600.298:ERROR:process_memory_win.cc(73)] ReadMemory at 0x9abe6cf000 of 6024 bytes failed: Only part of a ReadProcessMemory or WriteProcessMemory request was completed. (0x12B)
[1228/202600.298:ERROR:process_memory_win.cc(73)] ReadMemory at 0x9abe6d1000 of 6024 bytes failed: Only part of a ReadProcessMemory or WriteProcessMemory request was completed. (0x12B)
[1228/202600.298:ERROR:process_memory_win.cc(73)] ReadMemory at 0x9abe6d3000 of 6024 bytes failed: Only part of a ReadProcessMemory or WriteProcessMemory request was completed. (0x12B)
[1228/202600.298:ERROR:process_memory_win.cc(73)] ReadMemory at 0x9abe6d5000 of 6024 bytes failed: Only part of a ReadProcessMemory or WriteProcessMemory request was completed. (0x12B)
[1228/202600.298:ERROR:process_memory_win.cc(73)] ReadMemory at 0x9abe6d7000 of 6024 bytes failed: Only part of a ReadProcessMemory or WriteProcessMemory request was completed. (0x12B)
[1228/202600.298:ERROR:process_memory_win.cc(73)] ReadMemory at 0x9abe6d9000 of 6024 bytes failed: Only part of a ReadProcessMemory or WriteProcessMemory request was completed. (0x12B)
[1228/202600.298:ERROR:process_memory_win.cc(73)] ReadMemory at 0x9abe6db000 of 6024 bytes failed: Only part of a ReadProcessMemory or WriteProcessMemory request was completed. (0x12B)
[1228/202600.298:ERROR:process_memory_win.cc(73)] ReadMemory at 0x9abe6dd000 of 6024 bytes failed: Only part of a ReadProcessMemory or WriteProcessMemory request was completed. (0x12B)
[1228/202600.298:ERROR:process_memory_win.cc(73)] ReadMemory at 0x9abe6df000 of 6024 bytes failed: Only part of a ReadProcessMemory or WriteProcessMemory request was completed. (0x12B)
[1228/202600.299:ERROR:process_memory_win.cc(73)] ReadMemory at 0x9abe6e1000 of 6024 bytes failed: Only part of a ReadProcessMemory or WriteProcessMemory request was completed. (0x12B)
[1228/202600.299:ERROR:process_memory_win.cc(73)] ReadMemory at 0x9abe6e3000 of 6024 bytes failed: Only part of a ReadProcessMemory or WriteProcessMemory request was completed. (0x12B)
[1228/202600.299:ERROR:process_memory_win.cc(73)] ReadMemory at 0x9abe6e5000 of 6024 bytes failed: Only part of a ReadProcessMemory or WriteProcessMemory request was completed. (0x12B)
[1228/202600.299:ERROR:process_memory_win.cc(73)] ReadMemory at 0x9abe6e7000 of 6024 bytes failed: Only part of a ReadProcessMemory or WriteProcessMemory request was completed. (0x12B)
[1228/202600.299:ERROR:process_memory_win.cc(73)] ReadMemory at 0x9abe6e9000 of 6024 bytes failed: Only part of a ReadProcessMemory or WriteProcessMemory request was completed. (0x12B)
[1228/202600.299:ERROR:process_memory_win.cc(73)] ReadMemory at 0x9abe6eb000 of 6024 bytes failed: Only part of a ReadProcessMemory or WriteProcessMemory request was completed. (0x12B)
[1228/202600.299:ERROR:process_memory_win.cc(73)] ReadMemory at 0x1a3425d1180 of 512 bytes failed: Only part of a ReadProcessMemory or WriteProcessMemory request was completed. (0x12B)
[1228/202600.299:ERROR:process_memory_win.cc(73)] ReadMemory at 0x1a3425d13c0 of 512 bytes failed: Only part of a ReadProcessMemory or WriteProcessMemory request was completed. (0x12B)
[1228/202600.299:ERROR:process_memory_win.cc(73)] ReadMemory at 0x1a342640000 of 384 bytes failed: Only part of a ReadProcessMemory or WriteProcessMemory request was completed. (0x12B)
[1228/202600.299:ERROR:process_memory_win.cc(73)] ReadMemory at 0x1a342640fe0 of 5948 bytes failed: Only part of a ReadProcessMemory or WriteProcessMemory request was completed. (0x12B)
[1228/202600.299:ERROR:process_memory_win.cc(73)] ReadMemory at 0x1a342642730 of 1012 bytes failed: Only part of a ReadProcessMemory or WriteProcessMemory request was completed. (0x12B)
[1228/202600.299:ERROR:process_memory_win.cc(73)] ReadMemory at 0x1a342642d78 of 118 bytes failed: Only part of a ReadProcessMemory or WriteProcessMemory request was completed. (0x12B)
[1228/202600.299:ERROR:process_memory_win.cc(73)] ReadMemory at 0x1a342642df0 of 1310 bytes failed: Only part of a ReadProcessMemory or WriteProcessMemory request was completed. (0x12B)
[1228/202600.299:ERROR:process_memory_win.cc(73)] ReadMemory at 0x1a342643310 of 118 bytes failed: Only part of a ReadProcessMemory or WriteProcessMemory request was completed. (0x12B)
[1228/202600.299:ERROR:process_memory_win.cc(73)] ReadMemory at 0x1a342643388 of 96 bytes failed: Only part of a ReadProcessMemory or WriteProcessMemory request was completed. (0x12B)
[1228/202600.299:ERROR:process_memory_win.cc(73)] ReadMemory at 0x1a342643400 of 58 bytes failed: Only part of a ReadProcessMemory or WriteProcessMemory request was completed. (0x12B)
[1228/202600.299:ERROR:process_memory_win.cc(73)] ReadMemory at 0x1a342643500 of 132 bytes failed: Only part of a ReadProcessMemory or WriteProcessMemory request was completed. (0x12B)
[1228/202600.300:ERROR:process_memory_win.cc(73)] ReadMemory at 0x1a342643690 of 132 bytes failed: Only part of a ReadProcessMemory or WriteProcessMemory request was completed. (0x12B)
[1228/202600.300:ERROR:process_memory_win.cc(73)] ReadMemory at 0x1a342643850 of 124 bytes failed: Only part of a ReadProcessMemory or WriteProcessMemory request was completed. (0x12B)
[1228/202600.300:ERROR:process_memory_win.cc(73)] ReadMemory at 0x1a342643c60 of 132 bytes failed: Only part of a ReadProcessMemory or WriteProcessMemory request was completed. (0x12B)
[1228/202600.300:ERROR:process_memory_win.cc(73)] ReadMemory at 0x1a3426441e0 of 132 bytes failed: Only part of a ReadProcessMemory or WriteProcessMemory request was completed. (0x12B)
[1228/202600.300:ERROR:process_memory_win.cc(73)] ReadMemory at 0x1a342644370 of 64 bytes failed: Only part of a ReadProcessMemory or WriteProcessMemory request was completed. (0x12B)
[1228/202600.300:ERROR:process_memory_win.cc(73)] ReadMemory at 0x1a342644530 of 132 bytes failed: Only part of a ReadProcessMemory or WriteProcessMemory request was completed. (0x12B)
[1228/202600.300:ERROR:process_memory_win.cc(73)] ReadMemory at 0x1a3426447d0 of 132 bytes failed: Only part of a ReadProcessMemory or WriteProcessMemory request was completed. (0x12B)
[1228/202600.300:ERROR:process_memory_win.cc(73)] ReadMemory at 0x1a342644960 of 68 bytes failed: Only part of a ReadProcessMemory or WriteProcessMemory request was completed. (0x12B)
[1228/202600.300:ERROR:process_memory_win.cc(73)] ReadMemory at 0x1a342649f20 of 152 bytes failed: Only part of a ReadProcessMemory or WriteProcessMemory request was completed. (0x12B)
[1228/202600.300:ERROR:process_memory_win.cc(73)] ReadMemory at 0x1a34264a510 of 62 bytes failed: Only part of a ReadProcessMemory or WriteProcessMemory request was completed. (0x12B)
[1228/202600.300:ERROR:process_memory_win.cc(73)] ReadMemory at 0x1a34264d360 of 132 bytes failed: Only part of a ReadProcessMemory or WriteProcessMemory request was completed. (0x12B)
[1228/202600.300:ERROR:process_memory_win.cc(73)] ReadMemory at 0x1a34264d4f0 of 60 bytes failed: Only part of a ReadProcessMemory or WriteProcessMemory request was completed. (0x12B)
[1228/202600.300:ERROR:process_memory_win.cc(73)] ReadMemory at 0x1a34264eb70 of 62 bytes failed: Only part of a ReadProcessMemory or WriteProcessMemory request was completed. (0x12B)
[1228/202600.300:ERROR:process_memory_win.cc(73)] ReadMemory at 0x1a3426570f0 of 80 bytes failed: Only part of a ReadProcessMemory or WriteProcessMemory request was completed. (0x12B)
[1228/202600.300:ERROR:process_memory_win.cc(73)] ReadMemory at 0x1a342659380 of 132 bytes failed: Only part of a ReadProcessMemory or WriteProcessMemory request was completed. (0x12B)
[1228/202600.300:ERROR:process_memory_win.cc(73)] ReadMemory at 0x1a342659a80 of 132 bytes failed: Only part of a ReadProcessMemory or WriteProcessMemory request was completed. (0x12B)
[1228/202600.300:ERROR:process_memory_win.cc(73)] ReadMemory at 0x1a342659bb0 of 132 bytes failed: Only part of a ReadProcessMemory or WriteProcessMemory request was completed. (0x12B)
[1228/202600.300:ERROR:process_memory_win.cc(73)] ReadMemory at 0x1a342659dd0 of 132 bytes failed: Only part of a ReadProcessMemory or WriteProcessMemory request was completed. (0x12B)
[1228/202600.300:ERROR:process_memory_win.cc(73)] ReadMemory at 0x1a34265ba10 of 60 bytes failed: Only part of a ReadProcessMemory or WriteProcessMemory request was completed. (0x12B)
[1228/202600.300:ERROR:process_memory_win.cc(73)] ReadMemory at 0x1a34265bb00 of 64 bytes failed: Only part of a ReadProcessMemory or WriteProcessMemory request was completed. (0x12B)
[1228/202600.300:ERROR:process_memory_win.cc(73)] ReadMemory at 0x1a34265bb50 of 58 bytes failed: Only part of a ReadProcessMemory or WriteProcessMemory request was completed. (0x12B)
[1228/202600.301:ERROR:process_memory_win.cc(73)] ReadMemory at 0x1a34265bba0 of 62 bytes failed: Only part of a ReadProcessMemory or WriteProcessMemory request was completed. (0x12B)
[1228/202600.301:ERROR:process_memory_win.cc(73)] ReadMemory at 0x1a34265bc40 of 60 bytes failed: Only part of a ReadProcessMemory or WriteProcessMemory request was completed. (0x12B)
[1228/202600.301:ERROR:process_memory_win.cc(73)] ReadMemory at 0x1a34265bd30 of 62 bytes failed: Only part of a ReadProcessMemory or WriteProcessMemory request was completed. (0x12B)
[1228/202600.301:ERROR:process_memory_win.cc(73)] ReadMemory at 0x1a34265bd80 of 64 bytes failed: Only part of a ReadProcessMemory or WriteProcessMemory request was completed. (0x12B)
[1228/202600.301:ERROR:process_memory_win.cc(73)] ReadMemory at 0x1a34265bdd0 of 64 bytes failed: Only part of a ReadProcessMemory or WriteProcessMemory request was completed. (0x12B)
[1228/202600.301:ERROR:process_memory_win.cc(73)] ReadMemory at 0x1a34265be20 of 66 bytes failed: Only part of a ReadProcessMemory or WriteProcessMemory request was completed. (0x12B)
[1228/202600.301:ERROR:process_memory_win.cc(73)] ReadMemory at 0x1a34265be70 of 60 bytes failed: Only part of a ReadProcessMemory or WriteProcessMemory request was completed. (0x12B)
[1228/202600.301:ERROR:process_memory_win.cc(73)] ReadMemory at 0x1a34265bec0 of 60 bytes failed: Only part of a ReadProcessMemory or WriteProcessMemory request was completed. (0x12B)
[1228/202600.301:ERROR:process_memory_win.cc(73)] ReadMemory at 0x1a34265bf10 of 64 bytes failed: Only part of a ReadProcessMemory or WriteProcessMemory request was completed. (0x12B)
[1228/202600.301:ERROR:process_memory_win.cc(73)] ReadMemory at 0x1a34265bf60 of 64 bytes failed: Only part of a ReadProcessMemory or WriteProcessMemory request was completed. (0x12B)
[1228/202600.301:ERROR:process_memory_win.cc(73)] ReadMemory at 0x1a34265bfb0 of 62 bytes failed: Only part of a ReadProcessMemory or WriteProcessMemory request was completed. (0x12B)
[1228/202600.301:ERROR:process_memory_win.cc(73)] ReadMemory at 0x1a34265c0f0 of 62 bytes failed: Only part of a ReadProcessMemory or WriteProcessMemory request was completed. (0x12B)
[1228/202600.301:ERROR:process_memory_win.cc(73)] ReadMemory at 0x1a34265c140 of 66 bytes failed: Only part of a ReadProcessMemory or WriteProcessMemory request was completed. (0x12B)
[1228/202600.301:ERROR:process_memory_win.cc(73)] ReadMemory at 0x1a34265c190 of 64 bytes failed: Only part of a ReadProcessMemory or WriteProcessMemory request was completed. (0x12B)
[1228/202600.301:ERROR:process_memory_win.cc(73)] ReadMemory at 0x1a34265c280 of 62 bytes failed: Only part of a ReadProcessMemory or WriteProcessMemory request was completed. (0x12B)
[1228/202600.301:ERROR:process_memory_win.cc(73)] ReadMemory at 0x1a34265c370 of 64 bytes failed: Only part of a ReadProcessMemory or WriteProcessMemory request was completed. (0x12B)
[1228/202600.301:ERROR:process_memory_win.cc(73)] ReadMemory at 0x1a34265c460 of 64 bytes failed: Only part of a ReadProcessMemory or WriteProcessMemory request was completed. (0x12B)
[1228/202600.301:ERROR:process_memory_win.cc(73)] ReadMemory at 0x1a34265c4b0 of 60 bytes failed: Only part of a ReadProcessMemory or WriteProcessMemory request was completed. (0x12B)
[1228/202600.301:ERROR:process_memory_win.cc(73)] ReadMemory at 0x1a34265c500 of 62 bytes failed: Only part of a ReadProcessMemory or WriteProcessMemory request was completed. (0x12B)
[1228/202600.301:ERROR:process_memory_win.cc(73)] ReadMemory at 0x1a34265c550 of 62 bytes failed: Only part of a ReadProcessMemory or WriteProcessMemory request was completed. (0x12B)
[1228/202600.301:ERROR:process_memory_win.cc(73)] ReadMemory at 0x1a34265c690 of 62 bytes failed: Only part of a ReadProcessMemory or WriteProcessMemory request was completed. (0x12B)
[1228/202600.301:ERROR:process_memory_win.cc(73)] ReadMemory at 0x1a34265c6e0 of 62 bytes failed: Only part of a ReadProcessMemory or WriteProcessMemory request was completed. (0x12B)
[1228/202600.302:ERROR:process_memory_win.cc(73)] ReadMemory at 0x1a34265c730 of 60 bytes failed: Only part of a ReadProcessMemory or WriteProcessMemory request was completed. (0x12B)
[1228/202600.302:ERROR:process_memory_win.cc(73)] ReadMemory at 0x1a34265c9d0 of 132 bytes failed: Only part of a ReadProcessMemory or WriteProcessMemory request was completed. (0x12B)
[1228/202600.302:ERROR:process_memory_win.cc(73)] ReadMemory at 0x1a34265cb00 of 144 bytes failed: Only part of a ReadProcessMemory or WriteProcessMemory request was completed. (0x12B)
[1228/202600.302:ERROR:process_memory_win.cc(73)] ReadMemory at 0x1a34265d110 of 132 bytes failed: Only part of a ReadProcessMemory or WriteProcessMemory request was completed. (0x12B)
[1228/202600.302:ERROR:process_memory_win.cc(73)] ReadMemory at 0x1a34265d8e0 of 132 bytes failed: Only part of a ReadProcessMemory or WriteProcessMemory request was completed. (0x12B)
[1228/202600.302:ERROR:process_memory_win.cc(73)] ReadMemory at 0x1a34265daf0 of 132 bytes failed: Only part of a ReadProcessMemory or WriteProcessMemory request was completed. (0x12B)
[1228/202600.302:ERROR:process_memory_win.cc(73)] ReadMemory at 0x1a34265df10 of 132 bytes failed: Only part of a ReadProcessMemory or WriteProcessMemory request was completed. (0x12B)
[1228/202600.302:ERROR:process_memory_win.cc(73)] ReadMemory at 0x1a34265e040 of 132 bytes failed: Only part of a ReadProcessMemory or WriteProcessMemory request was completed. (0x12B)
[1228/202600.302:ERROR:process_memory_win.cc(73)] ReadMemory at 0x1a34265e170 of 132 bytes failed: Only part of a ReadProcessMemory or WriteProcessMemory request was completed. (0x12B)
[1228/202600.302:ERROR:process_memory_win.cc(73)] ReadMemory at 0x1a34265e2a0 of 132 bytes failed: Only part of a ReadProcessMemory or WriteProcessMemory request was completed. (0x12B)
[1228/202600.302:ERROR:process_memory_win.cc(73)] ReadMemory at 0x1a34265e3d0 of 132 bytes failed: Only part of a ReadProcessMemory or WriteProcessMemory request was completed. (0x12B)
[1228/202600.302:ERROR:process_memory_win.cc(73)] ReadMemory at 0x1a34265e500 of 132 bytes failed: Only part of a ReadProcessMemory or WriteProcessMemory request was completed. (0x12B)
[1228/202600.302:ERROR:process_memory_win.cc(73)] ReadMemory at 0x1a3426637d0 of 132 bytes failed: Only part of a ReadProcessMemory or WriteProcessMemory request was completed. (0x12B)
[1228/202600.302:ERROR:process_memory_win.cc(73)] ReadMemory at 0x1a342665ee0 of 132 bytes failed: Only part of a ReadProcessMemory or WriteProcessMemory request was completed. (0x12B)
[1228/202600.302:ERROR:process_memory_win.cc(73)] ReadMemory at 0x1a342666010 of 132 bytes failed: Only part of a ReadProcessMemory or WriteProcessMemory request was completed. (0x12B)
[1228/202600.302:ERROR:process_memory_win.cc(73)] ReadMemory at 0x1a342666140 of 132 bytes failed: Only part of a ReadProcessMemory or WriteProcessMemory request was completed. (0x12B)
[1228/202600.302:ERROR:process_memory_win.cc(73)] ReadMemory at 0x1a342666270 of 132 bytes failed: Only part of a ReadProcessMemory or WriteProcessMemory request was completed. (0x12B)
[1228/202600.302:ERROR:process_memory_win.cc(73)] ReadMemory at 0x1a3426663a0 of 132 bytes failed: Only part of a ReadProcessMemory or WriteProcessMemory request was completed. (0x12B)
[1228/202600.302:ERROR:process_memory_win.cc(73)] ReadMemory at 0x1a3426664d0 of 132 bytes failed: Only part of a ReadProcessMemory or WriteProcessMemory request was completed. (0x12B)
[1228/202600.302:ERROR:process_memory_win.cc(73)] ReadMemory at 0x1a342666600 of 132 bytes failed: Only part of a ReadProcessMemory or WriteProcessMemory request was completed. (0x12B)
[1228/202600.302:ERROR:process_memory_win.cc(73)] ReadMemory at 0x1a342666860 of 132 bytes failed: Only part of a ReadProcessMemory or WriteProcessMemory request was completed. (0x12B)
[1228/202600.302:ERROR:process_memory_win.cc(73)] ReadMemory at 0x1a342666990 of 132 bytes failed: Only part of a ReadProcessMemory or WriteProcessMemory request was completed. (0x12B)
[1228/202600.303:ERROR:process_memory_win.cc(73)] ReadMemory at 0x1a342666ac0 of 132 bytes failed: Only part of a ReadProcessMemory or WriteProcessMemory request was completed. (0x12B)
[1228/202600.303:ERROR:process_memory_win.cc(73)] ReadMemory at 0x1a342666bf0 of 132 bytes failed: Only part of a ReadProcessMemory or WriteProcessMemory request was completed. (0x12B)
[1228/202600.303:ERROR:process_memory_win.cc(73)] ReadMemory at 0x1a342666d20 of 132 bytes failed: Only part of a ReadProcessMemory or WriteProcessMemory request was completed. (0x12B)
[1228/202600.303:ERROR:process_memory_win.cc(73)] ReadMemory at 0x1a342666e50 of 132 bytes failed: Only part of a ReadProcessMemory or WriteProcessMemory request was completed. (0x12B)
[1228/202600.303:ERROR:process_memory_win.cc(73)] ReadMemory at 0x1a342666f80 of 132 bytes failed: Only part of a ReadProcessMemory or WriteProcessMemory request was completed. (0x12B)
[1228/202600.303:ERROR:process_memory_win.cc(73)] ReadMemory at 0x1a3426670b0 of 132 bytes failed: Only part of a ReadProcessMemory or WriteProcessMemory request was completed. (0x12B)
[1228/202600.303:ERROR:process_memory_win.cc(73)] ReadMemory at 0x1a3426671e0 of 132 bytes failed: Only part of a ReadProcessMemory or WriteProcessMemory request was completed. (0x12B)
[1228/202600.303:ERROR:process_memory_win.cc(73)] ReadMemory at 0x1a342667310 of 132 bytes failed: Only part of a ReadProcessMemory or WriteProcessMemory request was completed. (0x12B)
[1228/202600.303:ERROR:process_memory_win.cc(73)] ReadMemory at 0x1a342667440 of 132 bytes failed: Only part of a ReadProcessMemory or WriteProcessMemory request was completed. (0x12B)
[1228/202600.303:ERROR:process_memory_win.cc(73)] ReadMemory at 0x1a342667570 of 132 bytes failed: Only part of a ReadProcessMemory or WriteProcessMemory request was completed. (0x12B)
[1228/202600.303:ERROR:process_memory_win.cc(73)] ReadMemory at 0x1a3426676a0 of 132 bytes failed: Only part of a ReadProcessMemory or WriteProcessMemory request was completed. (0x12B)
[1228/202600.303:ERROR:process_memory_win.cc(73)] ReadMemory at 0x1a3426677d0 of 132 bytes failed: Only part of a ReadProcessMemory or WriteProcessMemory request was completed. (0x12B)
[1228/202600.303:ERROR:process_memory_win.cc(73)] ReadMemory at 0x1a342667900 of 132 bytes failed: Only part of a ReadProcessMemory or WriteProcessMemory request was completed. (0x12B)
[1228/202600.303:ERROR:process_memory_win.cc(73)] ReadMemory at 0x1a342667a30 of 132 bytes failed: Only part of a ReadProcessMemory or WriteProcessMemory request was completed. (0x12B)
[1228/202600.303:ERROR:process_memory_win.cc(73)] ReadMemory at 0x1a342667b60 of 132 bytes failed: Only part of a ReadProcessMemory or WriteProcessMemory request was completed. (0x12B)
[1228/202600.303:ERROR:process_memory_win.cc(73)] ReadMemory at 0x1a342667c90 of 132 bytes failed: Only part of a ReadProcessMemory or WriteProcessMemory request was completed. (0x12B)
[1228/202600.303:ERROR:process_memory_win.cc(73)] ReadMemory at 0x1a342669b80 of 80 bytes failed: Only part of a ReadProcessMemory or WriteProcessMemory request was completed. (0x12B)
[1228/202600.303:ERROR:process_memory_win.cc(73)] ReadMemory at 0x1a34266a060 of 76 bytes failed: Only part of a ReadProcessMemory or WriteProcessMemory request was completed. (0x12B)
[1228/202600.303:ERROR:process_memory_win.cc(73)] ReadMemory at 0x1a34266e030 of 54 bytes failed: Only part of a ReadProcessMemory or WriteProcessMemory request was completed. (0x12B)
[1228/202600.303:ERROR:process_memory_win.cc(73)] ReadMemory at 0x1a342673950 of 58 bytes failed: Only part of a ReadProcessMemory or WriteProcessMemory request was completed. (0x12B)
[1228/202600.303:ERROR:process_memory_win.cc(73)] ReadMemory at 0x1a3426739a0 of 58 bytes failed: Only part of a ReadProcessMemory or WriteProcessMemory request was completed. (0x12B)
[1228/202600.304:ERROR:process_memory_win.cc(73)] ReadMemory at 0x1a342673a40 of 66 bytes failed: Only part of a ReadProcessMemory or WriteProcessMemory request was completed. (0x12B)
[1228/202600.304:ERROR:process_memory_win.cc(73)] ReadMemory at 0x1a342673a90 of 60 bytes failed: Only part of a ReadProcessMemory or WriteProcessMemory request was completed. (0x12B)
[1228/202600.304:ERROR:process_memory_win.cc(73)] ReadMemory at 0x1a342673cc0 of 60 bytes failed: Only part of a ReadProcessMemory or WriteProcessMemory request was completed. (0x12B)
[1228/202600.304:ERROR:process_memory_win.cc(73)] ReadMemory at 0x1a342673e00 of 58 bytes failed: Only part of a ReadProcessMemory or WriteProcessMemory request was completed. (0x12B)
[1228/202600.304:ERROR:process_memory_win.cc(73)] ReadMemory at 0x1a342685c90 of 512 bytes failed: Only part of a ReadProcessMemory or WriteProcessMemory request was completed. (0x12B)
[1228/202600.304:ERROR:process_memory_win.cc(73)] ReadMemory at 0x1a342692f40 of 64 bytes failed: Only part of a ReadProcessMemory or WriteProcessMemory request was completed. (0x12B)
[1228/202600.304:ERROR:process_memory_win.cc(73)] ReadMemory at 0x1a342692f90 of 58 bytes failed: Only part of a ReadProcessMemory or WriteProcessMemory request was completed. (0x12B)
[1228/202600.304:ERROR:process_memory_win.cc(73)] ReadMemory at 0x1a342692fe0 of 62 bytes failed: Only part of a ReadProcessMemory or WriteProcessMemory request was completed. (0x12B)
[1228/202600.304:ERROR:process_memory_win.cc(73)] ReadMemory at 0x1a342693ad0 of 62 bytes failed: Only part of a ReadProcessMemory or WriteProcessMemory request was completed. (0x12B)
[1228/202600.304:ERROR:process_memory_win.cc(73)] ReadMemory at 0x1a342694540 of 78 bytes failed: Only part of a ReadProcessMemory or WriteProcessMemory request was completed. (0x12B)
[1228/202600.304:ERROR:process_memory_win.cc(73)] ReadMemory at 0x1a34269f950 of 132 bytes failed: Only part of a ReadProcessMemory or WriteProcessMemory request was completed. (0x12B)
[1228/202600.304:ERROR:process_memory_win.cc(73)] ReadMemory at 0x1a34269fbb0 of 132 bytes failed: Only part of a ReadProcessMemory or WriteProcessMemory request was completed. (0x12B)
[1228/202600.304:ERROR:process_memory_win.cc(73)] ReadMemory at 0x1a34269ff40 of 132 bytes failed: Only part of a ReadProcessMemory or WriteProcessMemory request was completed. (0x12B)
[1228/202600.304:ERROR:process_memory_win.cc(73)] ReadMemory at 0x1a3426a0790 of 132 bytes failed: Only part of a ReadProcessMemory or WriteProcessMemory request was completed. (0x12B)
[1228/202600.304:ERROR:process_memory_win.cc(73)] ReadMemory at 0x1a3426a9610 of 62 bytes failed: Only part of a ReadProcessMemory or WriteProcessMemory request was completed. (0x12B)
[1228/202600.304:ERROR:process_memory_win.cc(73)] ReadMemory at 0x1a3426bfcf0 of 512 bytes failed: Only part of a ReadProcessMemory or WriteProcessMemory request was completed. (0x12B)
[1228/202600.304:ERROR:process_memory_win.cc(73)] ReadMemory at 0x1a3426c02f0 of 512 bytes failed: Only part of a ReadProcessMemory or WriteProcessMemory request was completed. (0x12B)
[1228/202600.304:ERROR:process_memory_win.cc(73)] ReadMemory at 0x1a3426c6620 of 512 bytes failed: Only part of a ReadProcessMemory or WriteProcessMemory request was completed. (0x12B)
[1228/202600.304:ERROR:process_memory_win.cc(73)] ReadMemory at 0x1a3426d6903 of 512 bytes failed: Only part of a ReadProcessMemory or WriteProcessMemory request was completed. (0x12B)
[1228/202600.304:ERROR:process_memory_win.cc(73)] ReadMemory at 0x1a3426db4a0 of 712 bytes failed: Only part of a ReadProcessMemory or WriteProcessMemory request was completed. (0x12B)
[1228/202600.305:ERROR:process_memory_win.cc(73)] ReadMemory at 0x1a3426e73d0 of 512 bytes failed: Only part of a ReadProcessMemory or WriteProcessMemory request was completed. (0x12B)
[1228/202600.305:ERROR:process_memory_win.cc(73)] ReadMemory at 0x1a3426ecbe0 of 512 bytes failed: Only part of a ReadProcessMemory or WriteProcessMemory request was completed. (0x12B)
[1228/202600.305:ERROR:process_memory_win.cc(73)] ReadMemory at 0x1a3426ecf50 of 512 bytes failed: Only part of a ReadProcessMemory or WriteProcessMemory request was completed. (0x12B)
[1228/202600.305:ERROR:process_memory_win.cc(73)] ReadMemory at 0x1a3426fcdc0 of 512 bytes failed: Only part of a ReadProcessMemory or WriteProcessMemory request was completed. (0x12B)
[1228/202600.305:ERROR:process_memory_win.cc(73)] ReadMemory at 0x1a3427138f0 of 512 bytes failed: Only part of a ReadProcessMemory or WriteProcessMemory request was completed. (0x12B)
[1228/202600.305:ERROR:process_memory_win.cc(73)] ReadMemory at 0x1a342716fc8 of 512 bytes failed: Only part of a ReadProcessMemory or WriteProcessMemory request was completed. (0x12B)
[1228/202600.305:ERROR:process_memory_win.cc(73)] ReadMemory at 0x1a3427173b8 of 800 bytes failed: Only part of a ReadProcessMemory or WriteProcessMemory request was completed. (0x12B)
[1228/202600.305:ERROR:process_memory_win.cc(73)] ReadMemory at 0x1a342717a78 of 512 bytes failed: Only part of a ReadProcessMemory or WriteProcessMemory request was completed. (0x12B)
[1228/202600.305:ERROR:process_memory_win.cc(73)] ReadMemory at 0x1a344b20000 of 384 bytes failed: Only part of a ReadProcessMemory or WriteProcessMemory request was completed. (0x12B)
[1228/202600.305:ERROR:process_memory_win.cc(73)] ReadMemory at 0x1a344b2e000 of 592 bytes failed: Only part of a ReadProcessMemory or WriteProcessMemory request was completed. (0x12B)
[1228/202600.305:ERROR:process_memory_win.cc(73)] ReadMemory at 0x1a344b2fc00 of 512 bytes failed: Only part of a ReadProcessMemory or WriteProcessMemory request was completed. (0x12B)
[1228/202600.305:ERROR:process_memory_win.cc(73)] ReadMemory at 0x1a344bda2b6 of 1196 bytes failed: Only part of a ReadProcessMemory or WriteProcessMemory request was completed. (0x12B)
[1228/202600.305:ERROR:process_memory_win.cc(73)] ReadMemory at 0x1a344be1710 of 512 bytes failed: Only part of a ReadProcessMemory or WriteProcessMemory request was completed. (0x12B)
[1228/202600.305:ERROR:process_memory_win.cc(73)] ReadMemory at 0x1a344be2281 of 512 bytes failed: Only part of a ReadProcessMemory or WriteProcessMemory request was completed. (0x12B)
[1228/202600.305:ERROR:process_memory_win.cc(73)] ReadMemory at 0x1a344be2bc0 of 512 bytes failed: Only part of a ReadProcessMemory or WriteProcessMemory request was completed. (0x12B)
[1228/202600.305:ERROR:process_memory_win.cc(73)] ReadMemory at 0x1a344c6bf28 of 512 bytes failed: Only part of a ReadProcessMemory or WriteProcessMemory request was completed. (0x12B)
[1228/202600.305:ERROR:process_memory_win.cc(73)] ReadMemory at 0x1a344c8fc80 of 560 bytes failed: Only part of a ReadProcessMemory or WriteProcessMemory request was completed. (0x12B)
[1228/202600.305:ERROR:process_memory_win.cc(73)] ReadMemory at 0x1a344d163d0 of 512 bytes failed: Only part of a ReadProcessMemory or WriteProcessMemory request was completed. (0x12B)
[1228/202600.305:ERROR:process_memory_win.cc(73)] ReadMemory at 0x1a344d169a8 of 568 bytes failed: Only part of a ReadProcessMemory or WriteProcessMemory request was completed. (0x12B)
[1228/202600.305:ERROR:process_memory_win.cc(73)] ReadMemory at 0x1a344d39de0 of 512 bytes failed: Only part of a ReadProcessMemory or WriteProcessMemory request was completed. (0x12B)
[1228/202600.306:ERROR:process_memory_win.cc(73)] ReadMemory at 0x1a344dc30a0 of 512 bytes failed: Only part of a ReadProcessMemory or WriteProcessMemory request was completed. (0x12B)
[1228/202600.306:ERROR:process_memory_win.cc(73)] ReadMemory at 0x1a34582bf00 of 512 bytes failed: Only part of a ReadProcessMemory or WriteProcessMemory request was completed. (0x12B)
[1228/202600.306:ERROR:process_memory_win.cc(73)] ReadMemory at 0xcc20810eb30 of 512 bytes failed: Only part of a ReadProcessMemory or WriteProcessMemory request was completed. (0x12B)
[1228/202600.306:ERROR:process_memory_win.cc(73)] ReadMemory at 0xcc2083e1f1c of 512 bytes failed: Only part of a ReadProcessMemory or WriteProcessMemory request was completed. (0x12B)
[1228/202600.306:ERROR:process_memory_win.cc(73)] ReadMemory at 0x1aa848a88e2c of 512 bytes failed: Only part of a ReadProcessMemory or WriteProcessMemory request was completed. (0x12B)
[1228/202600.306:ERROR:process_memory_win.cc(73)] ReadMemory at 0x7ff8f8650e21 of 512 bytes failed: Only part of a ReadProcessMemory or WriteProcessMemory request was completed. (0x12B)
[1228/202600.306:ERROR:process_memory_win.cc(73)] ReadMemory at 0x7ff8f8652fe4 of 512 bytes failed: Only part of a ReadProcessMemory or WriteProcessMemory request was completed. (0x12B)
[1228/202600.306:ERROR:process_memory_win.cc(73)] ReadMemory at 0x7ff8f92be330 of 512 bytes failed: Only part of a ReadProcessMemory or WriteProcessMemory request was completed. (0x12B)
[1228/202600.306:ERROR:process_memory_win.cc(73)] ReadMemory at 0x7ff8fe234eb0 of 512 bytes failed: Only part of a ReadProcessMemory or WriteProcessMemory request was completed. (0x12B)
[1228/202600.306:ERROR:process_memory_win.cc(73)] ReadMemory at 0x7ff8fe290a20 of 512 bytes failed: Only part of a ReadProcessMemory or WriteProcessMemory request was completed. (0x12B)
[1228/202600.306:ERROR:process_memory_win.cc(73)] ReadMemory at 0x7ff8fe51df00 of 512 bytes failed: Only part of a ReadProcessMemory or WriteProcessMemory request was completed. (0x12B)
[1228/202600.306:ERROR:process_memory_win.cc(73)] ReadMemory at 0x7ff95b693aa9 of 512 bytes failed: Only part of a ReadProcessMemory or WriteProcessMemory request was completed. (0x12B)
[1228/202600.306:ERROR:process_memory_win.cc(73)] ReadMemory at 0x7ff95b8bd6e0 of 512 bytes failed: Only part of a ReadProcessMemory or WriteProcessMemory request was completed. (0x12B)
[1228/202600.306:ERROR:process_memory_win.cc(73)] ReadMemory at 0x7ff95e351fd0 of 512 bytes failed: Only part of a ReadProcessMemory or WriteProcessMemory request was completed. (0x12B)
[1228/202600.306:ERROR:process_memory_win.cc(73)] ReadMemory at 0x7ff95e59c6f4 of 672 bytes failed: Only part of a ReadProcessMemory or WriteProcessMemory request was completed. (0x12B)
[1228/202600.306:ERROR:process_memory_win.cc(73)] ReadMemory at 0x7ff95e59ccf4 of 512 bytes failed: Only part of a ReadProcessMemory or WriteProcessMemory request was completed. (0x12B)
[1228/202600.306:ERROR:process_memory_win.cc(73)] ReadMemory at 0x7ff95e59ffa4 of 608 bytes failed: Only part of a ReadProcessMemory or WriteProcessMemory request was completed. (0x12B)
[1228/202600.306:ERROR:process_memory_win.cc(73)] ReadMemory at 0x7ff95e62c428 of 18 bytes failed: Only part of a ReadProcessMemory or WriteProcessMemory request was completed. (0x12B)
[1228/202600.306:ERROR:process_memory_win.cc(73)] ReadMemory at 0x7ff95e65f4f8 of 40 bytes failed: Only part of a ReadProcessMemory or WriteProcessMemory request was completed. (0x12B)
[1228/202600.306:ERROR:process_memory_win.cc(73)] ReadMemory at 0x7ff95e65f978 of 48 bytes failed: Only part of a ReadProcessMemory or WriteProcessMemory request was completed. (0x12B)
[1228/202600.306:ERROR:process_memory_win.cc(73)] ReadMemory at 0x7ff95e6653c0 of 64 bytes failed: Only part of a ReadProcessMemory or WriteProcessMemory request was completed. (0x12B)
[1228/202600.307:ERROR:scoped_process_suspend.cc(40)] NtResumeProcess: An attempt was made to access an exiting process. (0xc000010a)
[1228/204043.606:ERROR:directory_reader_win.cc(43)] FindFirstFile: The system cannot find the path specified. (0x3)
